2020-04-19 16:35:35 com.alibaba.druid.pool.DruidDataSource.init(DruidDataSource.java:745) DruidDataSource.java ERROR init datasource error, url: jdbc:mysql://localhost:3306/renchehui?useSSL=true&serverTimezone=GMT&allowMultiQueries=true&useUnicode=true&characterEncoding=UTF-8
java.sql.SQLException: Access denied for user 'root'@'localhost' (using password: NO)
	at com.mysql.cj.jdbc.exceptions.SQLError.createSQLException(SQLError.java:129)
	at com.mysql.cj.jdbc.exceptions.SQLError.createSQLException(SQLError.java:97)
	at com.mysql.cj.jdbc.exceptions.SQLExceptionsMapping.translateException(SQLExceptionsMapping.java:122)
	at com.mysql.cj.jdbc.ConnectionImpl.createNewIO(ConnectionImpl.java:827)
	at com.mysql.cj.jdbc.ConnectionImpl.<init>(ConnectionImpl.java:447)
	at com.mysql.cj.jdbc.ConnectionImpl.getInstance(ConnectionImpl.java:237)
	at com.mysql.cj.jdbc.NonRegisteringDriver.connect(NonRegisteringDriver.java:199)
	at com.alibaba.druid.filter.FilterChainImpl.connection_connect(FilterChainImpl.java:148)
	at com.alibaba.druid.filter.FilterAdapter.connection_connect(FilterAdapter.java:785)
	at com.alibaba.druid.filter.FilterChainImpl.connection_connect(FilterChainImpl.java:142)
	at com.alibaba.druid.filter.stat.StatFilter.connection_connect(StatFilter.java:211)
	at com.alibaba.druid.filter.FilterChainImpl.connection_connect(FilterChainImpl.java:142)
	at com.alibaba.druid.pool.DruidAbstractDataSource.createPhysicalConnection(DruidAbstractDataSource.java:1454)
	at com.alibaba.druid.pool.DruidAbstractDataSource.createPhysicalConnection(DruidAbstractDataSource.java:1516)
	at com.alibaba.druid.pool.DruidDataSource.init(DruidDataSource.java:734)
	at com.alibaba.druid.pool.DruidDataSource.getConnection(DruidDataSource.java:1058)
	at com.alibaba.druid.pool.DruidDataSource.getConnection(DruidDataSource.java:1054)
	at com.alibaba.druid.pool.DruidDataSource.getConnection(DruidDataSource.java:104)
	at org.springframework.jdbc.datasource.DataSourceUtils.fetchConnection(DataSourceUtils.java:157)
	at org.springframework.jdbc.datasource.DataSourceUtils.doGetConnection(DataSourceUtils.java:115)
	at org.springframework.jdbc.datasource.DataSourceUtils.getConnection(DataSourceUtils.java:78)
	at org.mybatis.spring.transaction.SpringManagedTransaction.openConnection(SpringManagedTransaction.java:82)
	at org.mybatis.spring.transaction.SpringManagedTransaction.getConnection(SpringManagedTransaction.java:68)
	at org.apache.ibatis.executor.BaseExecutor.getConnection(BaseExecutor.java:336)
	at org.apache.ibatis.executor.SimpleExecutor.prepareStatement(SimpleExecutor.java:84)
	at org.apache.ibatis.executor.SimpleExecutor.doQuery(SimpleExecutor.java:62)
	at org.apache.ibatis.executor.BaseExecutor.queryFromDatabase(BaseExecutor.java:324)
	at org.apache.ibatis.executor.BaseExecutor.query(BaseExecutor.java:156)
	at org.apache.ibatis.executor.CachingExecutor.query(CachingExecutor.java:109)
	at com.github.pagehelper.PageInterceptor.intercept(PageInterceptor.java:143)
	at org.apache.ibatis.plugin.Plugin.invoke(Plugin.java:61)
	at com.sun.proxy.$Proxy117.query(Unknown Source)
	at org.apache.ibatis.session.defaults.DefaultSqlSession.selectList(DefaultSqlSession.java:148)
	at org.apache.ibatis.session.defaults.DefaultSqlSession.selectList(DefaultSqlSession.java:141)
	at org.apache.ibatis.session.defaults.DefaultSqlSession.selectOne(DefaultSqlSession.java:77)
	at sun.reflect.NativeMethodAccessorImpl.invoke0(Native Method)
	at sun.reflect.NativeMethodAccessorImpl.invoke(NativeMethodAccessorImpl.java:62)
	at sun.reflect.DelegatingMethodAccessorImpl.invoke(DelegatingMethodAccessorImpl.java:43)
	at java.lang.reflect.Method.invoke(Method.java:498)
	at org.mybatis.spring.SqlSessionTemplate$SqlSessionInterceptor.invoke(SqlSessionTemplate.java:433)
	at com.sun.proxy.$Proxy55.selectOne(Unknown Source)
	at org.mybatis.spring.SqlSessionTemplate.selectOne(SqlSessionTemplate.java:166)
	at org.apache.ibatis.binding.MapperMethod.execute(MapperMethod.java:82)
	at org.apache.ibatis.binding.MapperProxy.invoke(MapperProxy.java:59)
	at com.sun.proxy.$Proxy56.findByUsername(Unknown Source)
	at com.qf.service.impl.SysUserServiceImpl.findByUsername(SysUserServiceImpl.java:81)
	at com.qf.realm.UserRealm.doGetAuthenticationInfo(UserRealm.java:35)
	at org.apache.shiro.realm.AuthenticatingRealm.getAuthenticationInfo(AuthenticatingRealm.java:568)
	at org.apache.shiro.authc.pam.ModularRealmAuthenticator.doSingleRealmAuthentication(ModularRealmAuthenticator.java:180)
	at org.apache.shiro.authc.pam.ModularRealmAuthenticator.doAuthenticate(ModularRealmAuthenticator.java:267)
	at org.apache.shiro.authc.AbstractAuthenticator.authenticate(AbstractAuthenticator.java:198)
	at org.apache.shiro.mgt.AuthenticatingSecurityManager.authenticate(AuthenticatingSecurityManager.java:106)
	at org.apache.shiro.mgt.DefaultSecurityManager.login(DefaultSecurityManager.java:270)
	at org.apache.shiro.subject.support.DelegatingSubject.login(DelegatingSubject.java:256)
	at com.qf.controller.UserController.login(UserController.java:73)
	at sun.reflect.NativeMethodAccessorImpl.invoke0(Native Method)
	at sun.reflect.NativeMethodAccessorImpl.invoke(NativeMethodAccessorImpl.java:62)
	at sun.reflect.DelegatingMethodAccessorImpl.invoke(DelegatingMethodAccessorImpl.java:43)
	at java.lang.reflect.Method.invoke(Method.java:498)
	at org.springframework.web.method.support.InvocableHandlerMethod.doInvoke(InvocableHandlerMethod.java:190)
	at org.springframework.web.method.support.InvocableHandlerMethod.invokeForRequest(InvocableHandlerMethod.java:138)
	at org.springframework.web.servlet.mvc.method.annotation.ServletInvocableHandlerMethod.invokeAndHandle(ServletInvocableHandlerMethod.java:104)
	at org.springframework.web.servlet.mvc.method.annotation.RequestMappingHandlerAdapter.invokeHandlerMethod(RequestMappingHandlerAdapter.java:892)
	at org.springframework.web.servlet.mvc.method.annotation.RequestMappingHandlerAdapter.handleInternal(RequestMappingHandlerAdapter.java:797)
	at org.springframework.web.servlet.mvc.method.AbstractHandlerMethodAdapter.handle(AbstractHandlerMethodAdapter.java:87)
	at org.springframework.web.servlet.DispatcherServlet.doDispatch(DispatcherServlet.java:1039)
	at org.springframework.web.servlet.DispatcherServlet.doService(DispatcherServlet.java:942)
	at org.springframework.web.servlet.FrameworkServlet.processRequest(FrameworkServlet.java:1005)
	at org.springframework.web.servlet.FrameworkServlet.doPost(FrameworkServlet.java:908)
	at javax.servlet.http.HttpServlet.service(HttpServlet.java:660)
	at org.springframework.web.servlet.FrameworkServlet.service(FrameworkServlet.java:882)
	at javax.servlet.http.HttpServlet.service(HttpServlet.java:741)
	at org.apache.catalina.core.ApplicationFilterChain.internalDoFilter(ApplicationFilterChain.java:231)
	at org.apache.catalina.core.ApplicationFilterChain.doFilter(ApplicationFilterChain.java:166)
	at org.apache.tomcat.websocket.server.WsFilter.doFilter(WsFilter.java:53)
	at org.apache.catalina.core.ApplicationFilterChain.internalDoFilter(ApplicationFilterChain.java:193)
	at org.apache.catalina.core.ApplicationFilterChain.doFilter(ApplicationFilterChain.java:166)
	at org.apache.shiro.web.servlet.ProxiedFilterChain.doFilter(ProxiedFilterChain.java:61)
	at org.apache.shiro.web.servlet.AdviceFilter.executeChain(AdviceFilter.java:108)
	at org.apache.shiro.web.servlet.AdviceFilter.doFilterInternal(AdviceFilter.java:137)
	at org.apache.shiro.web.servlet.OncePerRequestFilter.doFilter(OncePerRequestFilter.java:125)
	at org.apache.shiro.web.servlet.ProxiedFilterChain.doFilter(ProxiedFilterChain.java:66)
	at org.apache.shiro.web.servlet.AbstractShiroFilter.executeChain(AbstractShiroFilter.java:449)
	at org.apache.shiro.web.servlet.AbstractShiroFilter$1.call(AbstractShiroFilter.java:365)
	at org.apache.shiro.subject.support.SubjectCallable.doCall(SubjectCallable.java:90)
	at org.apache.shiro.subject.support.SubjectCallable.call(SubjectCallable.java:83)
	at org.apache.shiro.subject.support.DelegatingSubject.execute(DelegatingSubject.java:383)
	at org.apache.shiro.web.servlet.AbstractShiroFilter.doFilterInternal(AbstractShiroFilter.java:362)
	at org.apache.shiro.web.servlet.OncePerRequestFilter.doFilter(OncePerRequestFilter.java:125)
	at org.apache.catalina.core.ApplicationFilterChain.internalDoFilter(ApplicationFilterChain.java:193)
	at org.apache.catalina.core.ApplicationFilterChain.doFilter(ApplicationFilterChain.java:166)
	at com.alibaba.druid.support.http.WebStatFilter.doFilter(WebStatFilter.java:123)
	at org.apache.catalina.core.ApplicationFilterChain.internalDoFilter(ApplicationFilterChain.java:193)
	at org.apache.catalina.core.ApplicationFilterChain.doFilter(ApplicationFilterChain.java:166)
	at org.springframework.web.filter.RequestContextFilter.doFilterInternal(RequestContextFilter.java:99)
	at org.springframework.web.filter.OncePerRequestFilter.doFilter(OncePerRequestFilter.java:118)
	at org.apache.catalina.core.ApplicationFilterChain.internalDoFilter(ApplicationFilterChain.java:193)
	at org.apache.catalina.core.ApplicationFilterChain.doFilter(ApplicationFilterChain.java:166)
	at org.springframework.web.filter.FormContentFilter.doFilterInternal(FormContentFilter.java:92)
	at org.springframework.web.filter.OncePerRequestFilter.doFilter(OncePerRequestFilter.java:118)
	at org.apache.catalina.core.ApplicationFilterChain.internalDoFilter(ApplicationFilterChain.java:193)
	at org.apache.catalina.core.ApplicationFilterChain.doFilter(ApplicationFilterChain.java:166)
	at org.springframework.web.filter.HiddenHttpMethodFilter.doFilterInternal(HiddenHttpMethodFilter.java:93)
	at org.springframework.web.filter.OncePerRequestFilter.doFilter(OncePerRequestFilter.java:118)
	at org.apache.catalina.core.ApplicationFilterChain.internalDoFilter(ApplicationFilterChain.java:193)
	at org.apache.catalina.core.ApplicationFilterChain.doFilter(ApplicationFilterChain.java:166)
	at org.springframework.web.filter.CharacterEncodingFilter.doFilterInternal(CharacterEncodingFilter.java:200)
	at org.springframework.web.filter.OncePerRequestFilter.doFilter(OncePerRequestFilter.java:118)
	at org.apache.catalina.core.ApplicationFilterChain.internalDoFilter(ApplicationFilterChain.java:193)
	at org.apache.catalina.core.ApplicationFilterChain.doFilter(ApplicationFilterChain.java:166)
	at org.apache.catalina.core.StandardWrapperValve.invoke(StandardWrapperValve.java:202)
	at org.apache.catalina.core.StandardContextValve.invoke(StandardContextValve.java:96)
	at org.apache.catalina.authenticator.AuthenticatorBase.invoke(AuthenticatorBase.java:526)
	at org.apache.catalina.core.StandardHostValve.invoke(StandardHostValve.java:139)
	at org.apache.catalina.valves.ErrorReportValve.invoke(ErrorReportValve.java:92)
	at org.apache.catalina.core.StandardEngineValve.invoke(StandardEngineValve.java:74)
	at org.apache.catalina.connector.CoyoteAdapter.service(CoyoteAdapter.java:343)
	at org.apache.coyote.http11.Http11Processor.service(Http11Processor.java:408)
	at org.apache.coyote.AbstractProcessorLight.process(AbstractProcessorLight.java:66)
	at org.apache.coyote.AbstractProtocol$ConnectionHandler.process(AbstractProtocol.java:860)
	at org.apache.tomcat.util.net.NioEndpoint$SocketProcessor.doRun(NioEndpoint.java:1587)
	at org.apache.tomcat.util.net.SocketProcessorBase.run(SocketProcessorBase.java:49)
	at java.util.concurrent.ThreadPoolExecutor.runWorker(ThreadPoolExecutor.java:1142)
	at java.util.concurrent.ThreadPoolExecutor$Worker.run(ThreadPoolExecutor.java:617)
	at org.apache.tomcat.util.threads.TaskThread$WrappingRunnable.run(TaskThread.java:61)
	at java.lang.Thread.run(Thread.java:745)
2020-04-19 16:35:35 com.alibaba.druid.pool.DruidDataSource.init(DruidDataSource.java:776) DruidDataSource.java ERROR {dataSource-1} init error
java.sql.SQLException: Access denied for user 'root'@'localhost' (using password: NO)
	at com.mysql.cj.jdbc.exceptions.SQLError.createSQLException(SQLError.java:129)
	at com.mysql.cj.jdbc.exceptions.SQLError.createSQLException(SQLError.java:97)
	at com.mysql.cj.jdbc.exceptions.SQLExceptionsMapping.translateException(SQLExceptionsMapping.java:122)
	at com.mysql.cj.jdbc.ConnectionImpl.createNewIO(ConnectionImpl.java:827)
	at com.mysql.cj.jdbc.ConnectionImpl.<init>(ConnectionImpl.java:447)
	at com.mysql.cj.jdbc.ConnectionImpl.getInstance(ConnectionImpl.java:237)
	at com.mysql.cj.jdbc.NonRegisteringDriver.connect(NonRegisteringDriver.java:199)
	at com.alibaba.druid.filter.FilterChainImpl.connection_connect(FilterChainImpl.java:148)
	at com.alibaba.druid.filter.FilterAdapter.connection_connect(FilterAdapter.java:785)
	at com.alibaba.druid.filter.FilterChainImpl.connection_connect(FilterChainImpl.java:142)
	at com.alibaba.druid.filter.stat.StatFilter.connection_connect(StatFilter.java:211)
	at com.alibaba.druid.filter.FilterChainImpl.connection_connect(FilterChainImpl.java:142)
	at com.alibaba.druid.pool.DruidAbstractDataSource.createPhysicalConnection(DruidAbstractDataSource.java:1454)
	at com.alibaba.druid.pool.DruidAbstractDataSource.createPhysicalConnection(DruidAbstractDataSource.java:1516)
	at com.alibaba.druid.pool.DruidDataSource.init(DruidDataSource.java:734)
	at com.alibaba.druid.pool.DruidDataSource.getConnection(DruidDataSource.java:1058)
	at com.alibaba.druid.pool.DruidDataSource.getConnection(DruidDataSource.java:1054)
	at com.alibaba.druid.pool.DruidDataSource.getConnection(DruidDataSource.java:104)
	at org.springframework.jdbc.datasource.DataSourceUtils.fetchConnection(DataSourceUtils.java:157)
	at org.springframework.jdbc.datasource.DataSourceUtils.doGetConnection(DataSourceUtils.java:115)
	at org.springframework.jdbc.datasource.DataSourceUtils.getConnection(DataSourceUtils.java:78)
	at org.mybatis.spring.transaction.SpringManagedTransaction.openConnection(SpringManagedTransaction.java:82)
	at org.mybatis.spring.transaction.SpringManagedTransaction.getConnection(SpringManagedTransaction.java:68)
	at org.apache.ibatis.executor.BaseExecutor.getConnection(BaseExecutor.java:336)
	at org.apache.ibatis.executor.SimpleExecutor.prepareStatement(SimpleExecutor.java:84)
	at org.apache.ibatis.executor.SimpleExecutor.doQuery(SimpleExecutor.java:62)
	at org.apache.ibatis.executor.BaseExecutor.queryFromDatabase(BaseExecutor.java:324)
	at org.apache.ibatis.executor.BaseExecutor.query(BaseExecutor.java:156)
	at org.apache.ibatis.executor.CachingExecutor.query(CachingExecutor.java:109)
	at com.github.pagehelper.PageInterceptor.intercept(PageInterceptor.java:143)
	at org.apache.ibatis.plugin.Plugin.invoke(Plugin.java:61)
	at com.sun.proxy.$Proxy117.query(Unknown Source)
	at org.apache.ibatis.session.defaults.DefaultSqlSession.selectList(DefaultSqlSession.java:148)
	at org.apache.ibatis.session.defaults.DefaultSqlSession.selectList(DefaultSqlSession.java:141)
	at org.apache.ibatis.session.defaults.DefaultSqlSession.selectOne(DefaultSqlSession.java:77)
	at sun.reflect.NativeMethodAccessorImpl.invoke0(Native Method)
	at sun.reflect.NativeMethodAccessorImpl.invoke(NativeMethodAccessorImpl.java:62)
	at sun.reflect.DelegatingMethodAccessorImpl.invoke(DelegatingMethodAccessorImpl.java:43)
	at java.lang.reflect.Method.invoke(Method.java:498)
	at org.mybatis.spring.SqlSessionTemplate$SqlSessionInterceptor.invoke(SqlSessionTemplate.java:433)
	at com.sun.proxy.$Proxy55.selectOne(Unknown Source)
	at org.mybatis.spring.SqlSessionTemplate.selectOne(SqlSessionTemplate.java:166)
	at org.apache.ibatis.binding.MapperMethod.execute(MapperMethod.java:82)
	at org.apache.ibatis.binding.MapperProxy.invoke(MapperProxy.java:59)
	at com.sun.proxy.$Proxy56.findByUsername(Unknown Source)
	at com.qf.service.impl.SysUserServiceImpl.findByUsername(SysUserServiceImpl.java:81)
	at com.qf.realm.UserRealm.doGetAuthenticationInfo(UserRealm.java:35)
	at org.apache.shiro.realm.AuthenticatingRealm.getAuthenticationInfo(AuthenticatingRealm.java:568)
	at org.apache.shiro.authc.pam.ModularRealmAuthenticator.doSingleRealmAuthentication(ModularRealmAuthenticator.java:180)
	at org.apache.shiro.authc.pam.ModularRealmAuthenticator.doAuthenticate(ModularRealmAuthenticator.java:267)
	at org.apache.shiro.authc.AbstractAuthenticator.authenticate(AbstractAuthenticator.java:198)
	at org.apache.shiro.mgt.AuthenticatingSecurityManager.authenticate(AuthenticatingSecurityManager.java:106)
	at org.apache.shiro.mgt.DefaultSecurityManager.login(DefaultSecurityManager.java:270)
	at org.apache.shiro.subject.support.DelegatingSubject.login(DelegatingSubject.java:256)
	at com.qf.controller.UserController.login(UserController.java:73)
	at sun.reflect.NativeMethodAccessorImpl.invoke0(Native Method)
	at sun.reflect.NativeMethodAccessorImpl.invoke(NativeMethodAccessorImpl.java:62)
	at sun.reflect.DelegatingMethodAccessorImpl.invoke(DelegatingMethodAccessorImpl.java:43)
	at java.lang.reflect.Method.invoke(Method.java:498)
	at org.springframework.web.method.support.InvocableHandlerMethod.doInvoke(InvocableHandlerMethod.java:190)
	at org.springframework.web.method.support.InvocableHandlerMethod.invokeForRequest(InvocableHandlerMethod.java:138)
	at org.springframework.web.servlet.mvc.method.annotation.ServletInvocableHandlerMethod.invokeAndHandle(ServletInvocableHandlerMethod.java:104)
	at org.springframework.web.servlet.mvc.method.annotation.RequestMappingHandlerAdapter.invokeHandlerMethod(RequestMappingHandlerAdapter.java:892)
	at org.springframework.web.servlet.mvc.method.annotation.RequestMappingHandlerAdapter.handleInternal(RequestMappingHandlerAdapter.java:797)
	at org.springframework.web.servlet.mvc.method.AbstractHandlerMethodAdapter.handle(AbstractHandlerMethodAdapter.java:87)
	at org.springframework.web.servlet.DispatcherServlet.doDispatch(DispatcherServlet.java:1039)
	at org.springframework.web.servlet.DispatcherServlet.doService(DispatcherServlet.java:942)
	at org.springframework.web.servlet.FrameworkServlet.processRequest(FrameworkServlet.java:1005)
	at org.springframework.web.servlet.FrameworkServlet.doPost(FrameworkServlet.java:908)
	at javax.servlet.http.HttpServlet.service(HttpServlet.java:660)
	at org.springframework.web.servlet.FrameworkServlet.service(FrameworkServlet.java:882)
	at javax.servlet.http.HttpServlet.service(HttpServlet.java:741)
	at org.apache.catalina.core.ApplicationFilterChain.internalDoFilter(ApplicationFilterChain.java:231)
	at org.apache.catalina.core.ApplicationFilterChain.doFilter(ApplicationFilterChain.java:166)
	at org.apache.tomcat.websocket.server.WsFilter.doFilter(WsFilter.java:53)
	at org.apache.catalina.core.ApplicationFilterChain.internalDoFilter(ApplicationFilterChain.java:193)
	at org.apache.catalina.core.ApplicationFilterChain.doFilter(ApplicationFilterChain.java:166)
	at org.apache.shiro.web.servlet.ProxiedFilterChain.doFilter(ProxiedFilterChain.java:61)
	at org.apache.shiro.web.servlet.AdviceFilter.executeChain(AdviceFilter.java:108)
	at org.apache.shiro.web.servlet.AdviceFilter.doFilterInternal(AdviceFilter.java:137)
	at org.apache.shiro.web.servlet.OncePerRequestFilter.doFilter(OncePerRequestFilter.java:125)
	at org.apache.shiro.web.servlet.ProxiedFilterChain.doFilter(ProxiedFilterChain.java:66)
	at org.apache.shiro.web.servlet.AbstractShiroFilter.executeChain(AbstractShiroFilter.java:449)
	at org.apache.shiro.web.servlet.AbstractShiroFilter$1.call(AbstractShiroFilter.java:365)
	at org.apache.shiro.subject.support.SubjectCallable.doCall(SubjectCallable.java:90)
	at org.apache.shiro.subject.support.SubjectCallable.call(SubjectCallable.java:83)
	at org.apache.shiro.subject.support.DelegatingSubject.execute(DelegatingSubject.java:383)
	at org.apache.shiro.web.servlet.AbstractShiroFilter.doFilterInternal(AbstractShiroFilter.java:362)
	at org.apache.shiro.web.servlet.OncePerRequestFilter.doFilter(OncePerRequestFilter.java:125)
	at org.apache.catalina.core.ApplicationFilterChain.internalDoFilter(ApplicationFilterChain.java:193)
	at org.apache.catalina.core.ApplicationFilterChain.doFilter(ApplicationFilterChain.java:166)
	at com.alibaba.druid.support.http.WebStatFilter.doFilter(WebStatFilter.java:123)
	at org.apache.catalina.core.ApplicationFilterChain.internalDoFilter(ApplicationFilterChain.java:193)
	at org.apache.catalina.core.ApplicationFilterChain.doFilter(ApplicationFilterChain.java:166)
	at org.springframework.web.filter.RequestContextFilter.doFilterInternal(RequestContextFilter.java:99)
	at org.springframework.web.filter.OncePerRequestFilter.doFilter(OncePerRequestFilter.java:118)
	at org.apache.catalina.core.ApplicationFilterChain.internalDoFilter(ApplicationFilterChain.java:193)
	at org.apache.catalina.core.ApplicationFilterChain.doFilter(ApplicationFilterChain.java:166)
	at org.springframework.web.filter.FormContentFilter.doFilterInternal(FormContentFilter.java:92)
	at org.springframework.web.filter.OncePerRequestFilter.doFilter(OncePerRequestFilter.java:118)
	at org.apache.catalina.core.ApplicationFilterChain.internalDoFilter(ApplicationFilterChain.java:193)
	at org.apache.catalina.core.ApplicationFilterChain.doFilter(ApplicationFilterChain.java:166)
	at org.springframework.web.filter.HiddenHttpMethodFilter.doFilterInternal(HiddenHttpMethodFilter.java:93)
	at org.springframework.web.filter.OncePerRequestFilter.doFilter(OncePerRequestFilter.java:118)
	at org.apache.catalina.core.ApplicationFilterChain.internalDoFilter(ApplicationFilterChain.java:193)
	at org.apache.catalina.core.ApplicationFilterChain.doFilter(ApplicationFilterChain.java:166)
	at org.springframework.web.filter.CharacterEncodingFilter.doFilterInternal(CharacterEncodingFilter.java:200)
	at org.springframework.web.filter.OncePerRequestFilter.doFilter(OncePerRequestFilter.java:118)
	at org.apache.catalina.core.ApplicationFilterChain.internalDoFilter(ApplicationFilterChain.java:193)
	at org.apache.catalina.core.ApplicationFilterChain.doFilter(ApplicationFilterChain.java:166)
	at org.apache.catalina.core.StandardWrapperValve.invoke(StandardWrapperValve.java:202)
	at org.apache.catalina.core.StandardContextValve.invoke(StandardContextValve.java:96)
	at org.apache.catalina.authenticator.AuthenticatorBase.invoke(AuthenticatorBase.java:526)
	at org.apache.catalina.core.StandardHostValve.invoke(StandardHostValve.java:139)
	at org.apache.catalina.valves.ErrorReportValve.invoke(ErrorReportValve.java:92)
	at org.apache.catalina.core.StandardEngineValve.invoke(StandardEngineValve.java:74)
	at org.apache.catalina.connector.CoyoteAdapter.service(CoyoteAdapter.java:343)
	at org.apache.coyote.http11.Http11Processor.service(Http11Processor.java:408)
	at org.apache.coyote.AbstractProcessorLight.process(AbstractProcessorLight.java:66)
	at org.apache.coyote.AbstractProtocol$ConnectionHandler.process(AbstractProtocol.java:860)
	at org.apache.tomcat.util.net.NioEndpoint$SocketProcessor.doRun(NioEndpoint.java:1587)
	at org.apache.tomcat.util.net.SocketProcessorBase.run(SocketProcessorBase.java:49)
	at java.util.concurrent.ThreadPoolExecutor.runWorker(ThreadPoolExecutor.java:1142)
	at java.util.concurrent.ThreadPoolExecutor$Worker.run(ThreadPoolExecutor.java:617)
	at org.apache.tomcat.util.threads.TaskThread$WrappingRunnable.run(TaskThread.java:61)
	at java.lang.Thread.run(Thread.java:745)
2020-04-19 16:35:35 com.alibaba.druid.pool.DruidDataSource.init(DruidDataSource.java:785) DruidDataSource.java INFO {dataSource-1} inited
2020-04-19 16:35:35 com.alibaba.druid.pool.DruidDataSource$CreateConnectionThread.run(DruidDataSource.java:2083) DruidDataSource.java ERROR create connection error, url: jdbc:mysql://localhost:3306/renchehui?useSSL=true&serverTimezone=GMT&allowMultiQueries=true&useUnicode=true&characterEncoding=UTF-8, errorCode 1045, state 28000
java.sql.SQLException: Access denied for user 'root'@'localhost' (using password: NO)
	at com.mysql.cj.jdbc.exceptions.SQLError.createSQLException(SQLError.java:129)
	at com.mysql.cj.jdbc.exceptions.SQLError.createSQLException(SQLError.java:97)
	at com.mysql.cj.jdbc.exceptions.SQLExceptionsMapping.translateException(SQLExceptionsMapping.java:122)
	at com.mysql.cj.jdbc.ConnectionImpl.createNewIO(ConnectionImpl.java:827)
	at com.mysql.cj.jdbc.ConnectionImpl.<init>(ConnectionImpl.java:447)
	at com.mysql.cj.jdbc.ConnectionImpl.getInstance(ConnectionImpl.java:237)
	at com.mysql.cj.jdbc.NonRegisteringDriver.connect(NonRegisteringDriver.java:199)
	at com.alibaba.druid.filter.FilterChainImpl.connection_connect(FilterChainImpl.java:148)
	at com.alibaba.druid.filter.FilterAdapter.connection_connect(FilterAdapter.java:785)
	at com.alibaba.druid.filter.FilterChainImpl.connection_connect(FilterChainImpl.java:142)
	at com.alibaba.druid.filter.stat.StatFilter.connection_connect(StatFilter.java:211)
	at com.alibaba.druid.filter.FilterChainImpl.connection_connect(FilterChainImpl.java:142)
	at com.alibaba.druid.pool.DruidAbstractDataSource.createPhysicalConnection(DruidAbstractDataSource.java:1454)
	at com.alibaba.druid.pool.DruidAbstractDataSource.createPhysicalConnection(DruidAbstractDataSource.java:1516)
	at com.alibaba.druid.pool.DruidDataSource$CreateConnectionThread.run(DruidDataSource.java:2080)
2020-04-19 16:35:35 com.alibaba.druid.pool.DruidDataSource$CreateConnectionThread.run(DruidDataSource.java:2083) DruidDataSource.java ERROR create connection error, url: jdbc:mysql://localhost:3306/renchehui?useSSL=true&serverTimezone=GMT&allowMultiQueries=true&useUnicode=true&characterEncoding=UTF-8, errorCode 1045, state 28000
java.sql.SQLException: Access denied for user 'root'@'localhost' (using password: NO)
	at com.mysql.cj.jdbc.exceptions.SQLError.createSQLException(SQLError.java:129)
	at com.mysql.cj.jdbc.exceptions.SQLError.createSQLException(SQLError.java:97)
	at com.mysql.cj.jdbc.exceptions.SQLExceptionsMapping.translateException(SQLExceptionsMapping.java:122)
	at com.mysql.cj.jdbc.ConnectionImpl.createNewIO(ConnectionImpl.java:827)
	at com.mysql.cj.jdbc.ConnectionImpl.<init>(ConnectionImpl.java:447)
	at com.mysql.cj.jdbc.ConnectionImpl.getInstance(ConnectionImpl.java:237)
	at com.mysql.cj.jdbc.NonRegisteringDriver.connect(NonRegisteringDriver.java:199)
	at com.alibaba.druid.filter.FilterChainImpl.connection_connect(FilterChainImpl.java:148)
	at com.alibaba.druid.filter.FilterAdapter.connection_connect(FilterAdapter.java:785)
	at com.alibaba.druid.filter.FilterChainImpl.connection_connect(FilterChainImpl.java:142)
	at com.alibaba.druid.filter.stat.StatFilter.connection_connect(StatFilter.java:211)
	at com.alibaba.druid.filter.FilterChainImpl.connection_connect(FilterChainImpl.java:142)
	at com.alibaba.druid.pool.DruidAbstractDataSource.createPhysicalConnection(DruidAbstractDataSource.java:1454)
	at com.alibaba.druid.pool.DruidAbstractDataSource.createPhysicalConnection(DruidAbstractDataSource.java:1516)
	at com.alibaba.druid.pool.DruidDataSource$CreateConnectionThread.run(DruidDataSource.java:2080)
2020-04-19 16:35:35 com.alibaba.druid.pool.DruidDataSource$CreateConnectionThread.run(DruidDataSource.java:2083) DruidDataSource.java ERROR create connection error, url: jdbc:mysql://localhost:3306/renchehui?useSSL=true&serverTimezone=GMT&allowMultiQueries=true&useUnicode=true&characterEncoding=UTF-8, errorCode 1045, state 28000
java.sql.SQLException: Access denied for user 'root'@'localhost' (using password: NO)
	at com.mysql.cj.jdbc.exceptions.SQLError.createSQLException(SQLError.java:129)
	at com.mysql.cj.jdbc.exceptions.SQLError.createSQLException(SQLError.java:97)
	at com.mysql.cj.jdbc.exceptions.SQLExceptionsMapping.translateException(SQLExceptionsMapping.java:122)
	at com.mysql.cj.jdbc.ConnectionImpl.createNewIO(ConnectionImpl.java:827)
	at com.mysql.cj.jdbc.ConnectionImpl.<init>(ConnectionImpl.java:447)
	at com.mysql.cj.jdbc.ConnectionImpl.getInstance(ConnectionImpl.java:237)
	at com.mysql.cj.jdbc.NonRegisteringDriver.connect(NonRegisteringDriver.java:199)
	at com.alibaba.druid.filter.FilterChainImpl.connection_connect(FilterChainImpl.java:148)
	at com.alibaba.druid.filter.FilterAdapter.connection_connect(FilterAdapter.java:785)
	at com.alibaba.druid.filter.FilterChainImpl.connection_connect(FilterChainImpl.java:142)
	at com.alibaba.druid.filter.stat.StatFilter.connection_connect(StatFilter.java:211)
	at com.alibaba.druid.filter.FilterChainImpl.connection_connect(FilterChainImpl.java:142)
	at com.alibaba.druid.pool.DruidAbstractDataSource.createPhysicalConnection(DruidAbstractDataSource.java:1454)
	at com.alibaba.druid.pool.DruidAbstractDataSource.createPhysicalConnection(DruidAbstractDataSource.java:1516)
	at com.alibaba.druid.pool.DruidDataSource$CreateConnectionThread.run(DruidDataSource.java:2080)
2020-04-19 16:35:35 com.alibaba.druid.pool.DruidDataSource$CreateConnectionThread.run(DruidDataSource.java:2083) DruidDataSource.java ERROR create connection error, url: jdbc:mysql://localhost:3306/renchehui?useSSL=true&serverTimezone=GMT&allowMultiQueries=true&useUnicode=true&characterEncoding=UTF-8, errorCode 1045, state 28000
java.sql.SQLException: Access denied for user 'root'@'localhost' (using password: NO)
	at com.mysql.cj.jdbc.exceptions.SQLError.createSQLException(SQLError.java:129)
	at com.mysql.cj.jdbc.exceptions.SQLError.createSQLException(SQLError.java:97)
	at com.mysql.cj.jdbc.exceptions.SQLExceptionsMapping.translateException(SQLExceptionsMapping.java:122)
	at com.mysql.cj.jdbc.ConnectionImpl.createNewIO(ConnectionImpl.java:827)
	at com.mysql.cj.jdbc.ConnectionImpl.<init>(ConnectionImpl.java:447)
	at com.mysql.cj.jdbc.ConnectionImpl.getInstance(ConnectionImpl.java:237)
	at com.mysql.cj.jdbc.NonRegisteringDriver.connect(NonRegisteringDriver.java:199)
	at com.alibaba.druid.filter.FilterChainImpl.connection_connect(FilterChainImpl.java:148)
	at com.alibaba.druid.filter.FilterAdapter.connection_connect(FilterAdapter.java:785)
	at com.alibaba.druid.filter.FilterChainImpl.connection_connect(FilterChainImpl.java:142)
	at com.alibaba.druid.filter.stat.StatFilter.connection_connect(StatFilter.java:211)
	at com.alibaba.druid.filter.FilterChainImpl.connection_connect(FilterChainImpl.java:142)
	at com.alibaba.druid.pool.DruidAbstractDataSource.createPhysicalConnection(DruidAbstractDataSource.java:1454)
	at com.alibaba.druid.pool.DruidAbstractDataSource.createPhysicalConnection(DruidAbstractDataSource.java:1516)
	at com.alibaba.druid.pool.DruidDataSource$CreateConnectionThread.run(DruidDataSource.java:2080)
2020-04-19 16:35:35 com.alibaba.druid.pool.DruidDataSource$CreateConnectionThread.run(DruidDataSource.java:2083) DruidDataSource.java ERROR create connection error, url: jdbc:mysql://localhost:3306/renchehui?useSSL=true&serverTimezone=GMT&allowMultiQueries=true&useUnicode=true&characterEncoding=UTF-8, errorCode 1045, state 28000
java.sql.SQLException: Access denied for user 'root'@'localhost' (using password: NO)
	at com.mysql.cj.jdbc.exceptions.SQLError.createSQLException(SQLError.java:129)
	at com.mysql.cj.jdbc.exceptions.SQLError.createSQLException(SQLError.java:97)
	at com.mysql.cj.jdbc.exceptions.SQLExceptionsMapping.translateException(SQLExceptionsMapping.java:122)
	at com.mysql.cj.jdbc.ConnectionImpl.createNewIO(ConnectionImpl.java:827)
	at com.mysql.cj.jdbc.ConnectionImpl.<init>(ConnectionImpl.java:447)
	at com.mysql.cj.jdbc.ConnectionImpl.getInstance(ConnectionImpl.java:237)
	at com.mysql.cj.jdbc.NonRegisteringDriver.connect(NonRegisteringDriver.java:199)
	at com.alibaba.druid.filter.FilterChainImpl.connection_connect(FilterChainImpl.java:148)
	at com.alibaba.druid.filter.FilterAdapter.connection_connect(FilterAdapter.java:785)
	at com.alibaba.druid.filter.FilterChainImpl.connection_connect(FilterChainImpl.java:142)
	at com.alibaba.druid.filter.stat.StatFilter.connection_connect(StatFilter.java:211)
	at com.alibaba.druid.filter.FilterChainImpl.connection_connect(FilterChainImpl.java:142)
	at com.alibaba.druid.pool.DruidAbstractDataSource.createPhysicalConnection(DruidAbstractDataSource.java:1454)
	at com.alibaba.druid.pool.DruidAbstractDataSource.createPhysicalConnection(DruidAbstractDataSource.java:1516)
	at com.alibaba.druid.pool.DruidDataSource$CreateConnectionThread.run(DruidDataSource.java:2080)
2020-04-19 16:35:35 com.alibaba.druid.pool.DruidDataSource$CreateConnectionThread.run(DruidDataSource.java:2083) DruidDataSource.java ERROR create connection error, url: jdbc:mysql://localhost:3306/renchehui?useSSL=true&serverTimezone=GMT&allowMultiQueries=true&useUnicode=true&characterEncoding=UTF-8, errorCode 1045, state 28000
java.sql.SQLException: Access denied for user 'root'@'localhost' (using password: NO)
	at com.mysql.cj.jdbc.exceptions.SQLError.createSQLException(SQLError.java:129)
	at com.mysql.cj.jdbc.exceptions.SQLError.createSQLException(SQLError.java:97)
	at com.mysql.cj.jdbc.exceptions.SQLExceptionsMapping.translateException(SQLExceptionsMapping.java:122)
	at com.mysql.cj.jdbc.ConnectionImpl.createNewIO(ConnectionImpl.java:827)
	at com.mysql.cj.jdbc.ConnectionImpl.<init>(ConnectionImpl.java:447)
	at com.mysql.cj.jdbc.ConnectionImpl.getInstance(ConnectionImpl.java:237)
	at com.mysql.cj.jdbc.NonRegisteringDriver.connect(NonRegisteringDriver.java:199)
	at com.alibaba.druid.filter.FilterChainImpl.connection_connect(FilterChainImpl.java:148)
	at com.alibaba.druid.filter.FilterAdapter.connection_connect(FilterAdapter.java:785)
	at com.alibaba.druid.filter.FilterChainImpl.connection_connect(FilterChainImpl.java:142)
	at com.alibaba.druid.filter.stat.StatFilter.connection_connect(StatFilter.java:211)
	at com.alibaba.druid.filter.FilterChainImpl.connection_connect(FilterChainImpl.java:142)
	at com.alibaba.druid.pool.DruidAbstractDataSource.createPhysicalConnection(DruidAbstractDataSource.java:1454)
	at com.alibaba.druid.pool.DruidAbstractDataSource.createPhysicalConnection(DruidAbstractDataSource.java:1516)
	at com.alibaba.druid.pool.DruidDataSource$CreateConnectionThread.run(DruidDataSource.java:2080)
2020-04-19 16:35:35 com.alibaba.druid.pool.DruidDataSource$CreateConnectionThread.run(DruidDataSource.java:2083) DruidDataSource.java ERROR create connection error, url: jdbc:mysql://localhost:3306/renchehui?useSSL=true&serverTimezone=GMT&allowMultiQueries=true&useUnicode=true&characterEncoding=UTF-8, errorCode 1045, state 28000
java.sql.SQLException: Access denied for user 'root'@'localhost' (using password: NO)
	at com.mysql.cj.jdbc.exceptions.SQLError.createSQLException(SQLError.java:129)
	at com.mysql.cj.jdbc.exceptions.SQLError.createSQLException(SQLError.java:97)
	at com.mysql.cj.jdbc.exceptions.SQLExceptionsMapping.translateException(SQLExceptionsMapping.java:122)
	at com.mysql.cj.jdbc.ConnectionImpl.createNewIO(ConnectionImpl.java:827)
	at com.mysql.cj.jdbc.ConnectionImpl.<init>(ConnectionImpl.java:447)
	at com.mysql.cj.jdbc.ConnectionImpl.getInstance(ConnectionImpl.java:237)
	at com.mysql.cj.jdbc.NonRegisteringDriver.connect(NonRegisteringDriver.java:199)
	at com.alibaba.druid.filter.FilterChainImpl.connection_connect(FilterChainImpl.java:148)
	at com.alibaba.druid.filter.FilterAdapter.connection_connect(FilterAdapter.java:785)
	at com.alibaba.druid.filter.FilterChainImpl.connection_connect(FilterChainImpl.java:142)
	at com.alibaba.druid.filter.stat.StatFilter.connection_connect(StatFilter.java:211)
	at com.alibaba.druid.filter.FilterChainImpl.connection_connect(FilterChainImpl.java:142)
	at com.alibaba.druid.pool.DruidAbstractDataSource.createPhysicalConnection(DruidAbstractDataSource.java:1454)
	at com.alibaba.druid.pool.DruidAbstractDataSource.createPhysicalConnection(DruidAbstractDataSource.java:1516)
	at com.alibaba.druid.pool.DruidDataSource$CreateConnectionThread.run(DruidDataSource.java:2080)
2020-04-19 16:35:35 com.alibaba.druid.pool.DruidDataSource$CreateConnectionThread.run(DruidDataSource.java:2083) DruidDataSource.java ERROR create connection error, url: jdbc:mysql://localhost:3306/renchehui?useSSL=true&serverTimezone=GMT&allowMultiQueries=true&useUnicode=true&characterEncoding=UTF-8, errorCode 1045, state 28000
java.sql.SQLException: Access denied for user 'root'@'localhost' (using password: NO)
	at com.mysql.cj.jdbc.exceptions.SQLError.createSQLException(SQLError.java:129)
	at com.mysql.cj.jdbc.exceptions.SQLError.createSQLException(SQLError.java:97)
	at com.mysql.cj.jdbc.exceptions.SQLExceptionsMapping.translateException(SQLExceptionsMapping.java:122)
	at com.mysql.cj.jdbc.ConnectionImpl.createNewIO(ConnectionImpl.java:827)
	at com.mysql.cj.jdbc.ConnectionImpl.<init>(ConnectionImpl.java:447)
	at com.mysql.cj.jdbc.ConnectionImpl.getInstance(ConnectionImpl.java:237)
	at com.mysql.cj.jdbc.NonRegisteringDriver.connect(NonRegisteringDriver.java:199)
	at com.alibaba.druid.filter.FilterChainImpl.connection_connect(FilterChainImpl.java:148)
	at com.alibaba.druid.filter.FilterAdapter.connection_connect(FilterAdapter.java:785)
	at com.alibaba.druid.filter.FilterChainImpl.connection_connect(FilterChainImpl.java:142)
	at com.alibaba.druid.filter.stat.StatFilter.connection_connect(StatFilter.java:211)
	at com.alibaba.druid.filter.FilterChainImpl.connection_connect(FilterChainImpl.java:142)
	at com.alibaba.druid.pool.DruidAbstractDataSource.createPhysicalConnection(DruidAbstractDataSource.java:1454)
	at com.alibaba.druid.pool.DruidAbstractDataSource.createPhysicalConnection(DruidAbstractDataSource.java:1516)
	at com.alibaba.druid.pool.DruidDataSource$CreateConnectionThread.run(DruidDataSource.java:2080)
2020-04-19 16:35:35 com.alibaba.druid.pool.DruidDataSource$CreateConnectionThread.run(DruidDataSource.java:2083) DruidDataSource.java ERROR create connection error, url: jdbc:mysql://localhost:3306/renchehui?useSSL=true&serverTimezone=GMT&allowMultiQueries=true&useUnicode=true&characterEncoding=UTF-8, errorCode 1045, state 28000
java.sql.SQLException: Access denied for user 'root'@'localhost' (using password: NO)
	at com.mysql.cj.jdbc.exceptions.SQLError.createSQLException(SQLError.java:129)
	at com.mysql.cj.jdbc.exceptions.SQLError.createSQLException(SQLError.java:97)
	at com.mysql.cj.jdbc.exceptions.SQLExceptionsMapping.translateException(SQLExceptionsMapping.java:122)
	at com.mysql.cj.jdbc.ConnectionImpl.createNewIO(ConnectionImpl.java:827)
	at com.mysql.cj.jdbc.ConnectionImpl.<init>(ConnectionImpl.java:447)
	at com.mysql.cj.jdbc.ConnectionImpl.getInstance(ConnectionImpl.java:237)
	at com.mysql.cj.jdbc.NonRegisteringDriver.connect(NonRegisteringDriver.java:199)
	at com.alibaba.druid.filter.FilterChainImpl.connection_connect(FilterChainImpl.java:148)
	at com.alibaba.druid.filter.FilterAdapter.connection_connect(FilterAdapter.java:785)
	at com.alibaba.druid.filter.FilterChainImpl.connection_connect(FilterChainImpl.java:142)
	at com.alibaba.druid.filter.stat.StatFilter.connection_connect(StatFilter.java:211)
	at com.alibaba.druid.filter.FilterChainImpl.connection_connect(FilterChainImpl.java:142)
	at com.alibaba.druid.pool.DruidAbstractDataSource.createPhysicalConnection(DruidAbstractDataSource.java:1454)
	at com.alibaba.druid.pool.DruidAbstractDataSource.createPhysicalConnection(DruidAbstractDataSource.java:1516)
	at com.alibaba.druid.pool.DruidDataSource$CreateConnectionThread.run(DruidDataSource.java:2080)
2020-04-19 16:35:35 com.alibaba.druid.pool.DruidDataSource$CreateConnectionThread.run(DruidDataSource.java:2083) DruidDataSource.java ERROR create connection error, url: jdbc:mysql://localhost:3306/renchehui?useSSL=true&serverTimezone=GMT&allowMultiQueries=true&useUnicode=true&characterEncoding=UTF-8, errorCode 1045, state 28000
java.sql.SQLException: Access denied for user 'root'@'localhost' (using password: NO)
	at com.mysql.cj.jdbc.exceptions.SQLError.createSQLException(SQLError.java:129)
	at com.mysql.cj.jdbc.exceptions.SQLError.createSQLException(SQLError.java:97)
	at com.mysql.cj.jdbc.exceptions.SQLExceptionsMapping.translateException(SQLExceptionsMapping.java:122)
	at com.mysql.cj.jdbc.ConnectionImpl.createNewIO(ConnectionImpl.java:827)
	at com.mysql.cj.jdbc.ConnectionImpl.<init>(ConnectionImpl.java:447)
	at com.mysql.cj.jdbc.ConnectionImpl.getInstance(ConnectionImpl.java:237)
	at com.mysql.cj.jdbc.NonRegisteringDriver.connect(NonRegisteringDriver.java:199)
	at com.alibaba.druid.filter.FilterChainImpl.connection_connect(FilterChainImpl.java:148)
	at com.alibaba.druid.filter.FilterAdapter.connection_connect(FilterAdapter.java:785)
	at com.alibaba.druid.filter.FilterChainImpl.connection_connect(FilterChainImpl.java:142)
	at com.alibaba.druid.filter.stat.StatFilter.connection_connect(StatFilter.java:211)
	at com.alibaba.druid.filter.FilterChainImpl.connection_connect(FilterChainImpl.java:142)
	at com.alibaba.druid.pool.DruidAbstractDataSource.createPhysicalConnection(DruidAbstractDataSource.java:1454)
	at com.alibaba.druid.pool.DruidAbstractDataSource.createPhysicalConnection(DruidAbstractDataSource.java:1516)
	at com.alibaba.druid.pool.DruidDataSource$CreateConnectionThread.run(DruidDataSource.java:2080)
2020-04-19 16:35:35 com.alibaba.druid.pool.DruidDataSource$CreateConnectionThread.run(DruidDataSource.java:2083) DruidDataSource.java ERROR create connection error, url: jdbc:mysql://localhost:3306/renchehui?useSSL=true&serverTimezone=GMT&allowMultiQueries=true&useUnicode=true&characterEncoding=UTF-8, errorCode 1045, state 28000
java.sql.SQLException: Access denied for user 'root'@'localhost' (using password: NO)
	at com.mysql.cj.jdbc.exceptions.SQLError.createSQLException(SQLError.java:129)
	at com.mysql.cj.jdbc.exceptions.SQLError.createSQLException(SQLError.java:97)
	at com.mysql.cj.jdbc.exceptions.SQLExceptionsMapping.translateException(SQLExceptionsMapping.java:122)
	at com.mysql.cj.jdbc.ConnectionImpl.createNewIO(ConnectionImpl.java:827)
	at com.mysql.cj.jdbc.ConnectionImpl.<init>(ConnectionImpl.java:447)
	at com.mysql.cj.jdbc.ConnectionImpl.getInstance(ConnectionImpl.java:237)
	at com.mysql.cj.jdbc.NonRegisteringDriver.connect(NonRegisteringDriver.java:199)
	at com.alibaba.druid.filter.FilterChainImpl.connection_connect(FilterChainImpl.java:148)
	at com.alibaba.druid.filter.FilterAdapter.connection_connect(FilterAdapter.java:785)
	at com.alibaba.druid.filter.FilterChainImpl.connection_connect(FilterChainImpl.java:142)
	at com.alibaba.druid.filter.stat.StatFilter.connection_connect(StatFilter.java:211)
	at com.alibaba.druid.filter.FilterChainImpl.connection_connect(FilterChainImpl.java:142)
	at com.alibaba.druid.pool.DruidAbstractDataSource.createPhysicalConnection(DruidAbstractDataSource.java:1454)
	at com.alibaba.druid.pool.DruidAbstractDataSource.createPhysicalConnection(DruidAbstractDataSource.java:1516)
	at com.alibaba.druid.pool.DruidDataSource$CreateConnectionThread.run(DruidDataSource.java:2080)
2020-04-19 16:35:35 com.alibaba.druid.pool.DruidDataSource$CreateConnectionThread.run(DruidDataSource.java:2083) DruidDataSource.java ERROR create connection error, url: jdbc:mysql://localhost:3306/renchehui?useSSL=true&serverTimezone=GMT&allowMultiQueries=true&useUnicode=true&characterEncoding=UTF-8, errorCode 1045, state 28000
java.sql.SQLException: Access denied for user 'root'@'localhost' (using password: NO)
	at com.mysql.cj.jdbc.exceptions.SQLError.createSQLException(SQLError.java:129)
	at com.mysql.cj.jdbc.exceptions.SQLError.createSQLException(SQLError.java:97)
	at com.mysql.cj.jdbc.exceptions.SQLExceptionsMapping.translateException(SQLExceptionsMapping.java:122)
	at com.mysql.cj.jdbc.ConnectionImpl.createNewIO(ConnectionImpl.java:827)
	at com.mysql.cj.jdbc.ConnectionImpl.<init>(ConnectionImpl.java:447)
	at com.mysql.cj.jdbc.ConnectionImpl.getInstance(ConnectionImpl.java:237)
	at com.mysql.cj.jdbc.NonRegisteringDriver.connect(NonRegisteringDriver.java:199)
	at com.alibaba.druid.filter.FilterChainImpl.connection_connect(FilterChainImpl.java:148)
	at com.alibaba.druid.filter.FilterAdapter.connection_connect(FilterAdapter.java:785)
	at com.alibaba.druid.filter.FilterChainImpl.connection_connect(FilterChainImpl.java:142)
	at com.alibaba.druid.filter.stat.StatFilter.connection_connect(StatFilter.java:211)
	at com.alibaba.druid.filter.FilterChainImpl.connection_connect(FilterChainImpl.java:142)
	at com.alibaba.druid.pool.DruidAbstractDataSource.createPhysicalConnection(DruidAbstractDataSource.java:1454)
	at com.alibaba.druid.pool.DruidAbstractDataSource.createPhysicalConnection(DruidAbstractDataSource.java:1516)
	at com.alibaba.druid.pool.DruidDataSource$CreateConnectionThread.run(DruidDataSource.java:2080)
2020-04-19 16:35:35 com.alibaba.druid.pool.DruidDataSource$CreateConnectionThread.run(DruidDataSource.java:2083) DruidDataSource.java ERROR create connection error, url: jdbc:mysql://localhost:3306/renchehui?useSSL=true&serverTimezone=GMT&allowMultiQueries=true&useUnicode=true&characterEncoding=UTF-8, errorCode 1045, state 28000
java.sql.SQLException: Access denied for user 'root'@'localhost' (using password: NO)
	at com.mysql.cj.jdbc.exceptions.SQLError.createSQLException(SQLError.java:129)
	at com.mysql.cj.jdbc.exceptions.SQLError.createSQLException(SQLError.java:97)
	at com.mysql.cj.jdbc.exceptions.SQLExceptionsMapping.translateException(SQLExceptionsMapping.java:122)
	at com.mysql.cj.jdbc.ConnectionImpl.createNewIO(ConnectionImpl.java:827)
	at com.mysql.cj.jdbc.ConnectionImpl.<init>(ConnectionImpl.java:447)
	at com.mysql.cj.jdbc.ConnectionImpl.getInstance(ConnectionImpl.java:237)
	at com.mysql.cj.jdbc.NonRegisteringDriver.connect(NonRegisteringDriver.java:199)
	at com.alibaba.druid.filter.FilterChainImpl.connection_connect(FilterChainImpl.java:148)
	at com.alibaba.druid.filter.FilterAdapter.connection_connect(FilterAdapter.java:785)
	at com.alibaba.druid.filter.FilterChainImpl.connection_connect(FilterChainImpl.java:142)
	at com.alibaba.druid.filter.stat.StatFilter.connection_connect(StatFilter.java:211)
	at com.alibaba.druid.filter.FilterChainImpl.connection_connect(FilterChainImpl.java:142)
	at com.alibaba.druid.pool.DruidAbstractDataSource.createPhysicalConnection(DruidAbstractDataSource.java:1454)
	at com.alibaba.druid.pool.DruidAbstractDataSource.createPhysicalConnection(DruidAbstractDataSource.java:1516)
	at com.alibaba.druid.pool.DruidDataSource$CreateConnectionThread.run(DruidDataSource.java:2080)
2020-04-19 16:35:35 com.alibaba.druid.pool.DruidDataSource$CreateConnectionThread.run(DruidDataSource.java:2083) DruidDataSource.java ERROR create connection error, url: jdbc:mysql://localhost:3306/renchehui?useSSL=true&serverTimezone=GMT&allowMultiQueries=true&useUnicode=true&characterEncoding=UTF-8, errorCode 1045, state 28000
java.sql.SQLException: Access denied for user 'root'@'localhost' (using password: NO)
	at com.mysql.cj.jdbc.exceptions.SQLError.createSQLException(SQLError.java:129)
	at com.mysql.cj.jdbc.exceptions.SQLError.createSQLException(SQLError.java:97)
	at com.mysql.cj.jdbc.exceptions.SQLExceptionsMapping.translateException(SQLExceptionsMapping.java:122)
	at com.mysql.cj.jdbc.ConnectionImpl.createNewIO(ConnectionImpl.java:827)
	at com.mysql.cj.jdbc.ConnectionImpl.<init>(ConnectionImpl.java:447)
	at com.mysql.cj.jdbc.ConnectionImpl.getInstance(ConnectionImpl.java:237)
	at com.mysql.cj.jdbc.NonRegisteringDriver.connect(NonRegisteringDriver.java:199)
	at com.alibaba.druid.filter.FilterChainImpl.connection_connect(FilterChainImpl.java:148)
	at com.alibaba.druid.filter.FilterAdapter.connection_connect(FilterAdapter.java:785)
	at com.alibaba.druid.filter.FilterChainImpl.connection_connect(FilterChainImpl.java:142)
	at com.alibaba.druid.filter.stat.StatFilter.connection_connect(StatFilter.java:211)
	at com.alibaba.druid.filter.FilterChainImpl.connection_connect(FilterChainImpl.java:142)
	at com.alibaba.druid.pool.DruidAbstractDataSource.createPhysicalConnection(DruidAbstractDataSource.java:1454)
	at com.alibaba.druid.pool.DruidAbstractDataSource.createPhysicalConnection(DruidAbstractDataSource.java:1516)
	at com.alibaba.druid.pool.DruidDataSource$CreateConnectionThread.run(DruidDataSource.java:2080)
2020-04-19 16:35:35 com.alibaba.druid.pool.DruidDataSource$CreateConnectionThread.run(DruidDataSource.java:2083) DruidDataSource.java ERROR create connection error, url: jdbc:mysql://localhost:3306/renchehui?useSSL=true&serverTimezone=GMT&allowMultiQueries=true&useUnicode=true&characterEncoding=UTF-8, errorCode 1045, state 28000
java.sql.SQLException: Access denied for user 'root'@'localhost' (using password: NO)
	at com.mysql.cj.jdbc.exceptions.SQLError.createSQLException(SQLError.java:129)
	at com.mysql.cj.jdbc.exceptions.SQLError.createSQLException(SQLError.java:97)
	at com.mysql.cj.jdbc.exceptions.SQLExceptionsMapping.translateException(SQLExceptionsMapping.java:122)
	at com.mysql.cj.jdbc.ConnectionImpl.createNewIO(ConnectionImpl.java:827)
	at com.mysql.cj.jdbc.ConnectionImpl.<init>(ConnectionImpl.java:447)
	at com.mysql.cj.jdbc.ConnectionImpl.getInstance(ConnectionImpl.java:237)
	at com.mysql.cj.jdbc.NonRegisteringDriver.connect(NonRegisteringDriver.java:199)
	at com.alibaba.druid.filter.FilterChainImpl.connection_connect(FilterChainImpl.java:148)
	at com.alibaba.druid.filter.FilterAdapter.connection_connect(FilterAdapter.java:785)
	at com.alibaba.druid.filter.FilterChainImpl.connection_connect(FilterChainImpl.java:142)
	at com.alibaba.druid.filter.stat.StatFilter.connection_connect(StatFilter.java:211)
	at com.alibaba.druid.filter.FilterChainImpl.connection_connect(FilterChainImpl.java:142)
	at com.alibaba.druid.pool.DruidAbstractDataSource.createPhysicalConnection(DruidAbstractDataSource.java:1454)
	at com.alibaba.druid.pool.DruidAbstractDataSource.createPhysicalConnection(DruidAbstractDataSource.java:1516)
	at com.alibaba.druid.pool.DruidDataSource$CreateConnectionThread.run(DruidDataSource.java:2080)
2020-04-19 16:35:35 com.alibaba.druid.pool.DruidDataSource$CreateConnectionThread.run(DruidDataSource.java:2083) DruidDataSource.java ERROR create connection error, url: jdbc:mysql://localhost:3306/renchehui?useSSL=true&serverTimezone=GMT&allowMultiQueries=true&useUnicode=true&characterEncoding=UTF-8, errorCode 1045, state 28000
java.sql.SQLException: Access denied for user 'root'@'localhost' (using password: NO)
	at com.mysql.cj.jdbc.exceptions.SQLError.createSQLException(SQLError.java:129)
	at com.mysql.cj.jdbc.exceptions.SQLError.createSQLException(SQLError.java:97)
	at com.mysql.cj.jdbc.exceptions.SQLExceptionsMapping.translateException(SQLExceptionsMapping.java:122)
	at com.mysql.cj.jdbc.ConnectionImpl.createNewIO(ConnectionImpl.java:827)
	at com.mysql.cj.jdbc.ConnectionImpl.<init>(ConnectionImpl.java:447)
	at com.mysql.cj.jdbc.ConnectionImpl.getInstance(ConnectionImpl.java:237)
	at com.mysql.cj.jdbc.NonRegisteringDriver.connect(NonRegisteringDriver.java:199)
	at com.alibaba.druid.filter.FilterChainImpl.connection_connect(FilterChainImpl.java:148)
	at com.alibaba.druid.filter.FilterAdapter.connection_connect(FilterAdapter.java:785)
	at com.alibaba.druid.filter.FilterChainImpl.connection_connect(FilterChainImpl.java:142)
	at com.alibaba.druid.filter.stat.StatFilter.connection_connect(StatFilter.java:211)
	at com.alibaba.druid.filter.FilterChainImpl.connection_connect(FilterChainImpl.java:142)
	at com.alibaba.druid.pool.DruidAbstractDataSource.createPhysicalConnection(DruidAbstractDataSource.java:1454)
	at com.alibaba.druid.pool.DruidAbstractDataSource.createPhysicalConnection(DruidAbstractDataSource.java:1516)
	at com.alibaba.druid.pool.DruidDataSource$CreateConnectionThread.run(DruidDataSource.java:2080)
2020-04-19 16:35:35 com.alibaba.druid.pool.DruidDataSource$CreateConnectionThread.run(DruidDataSource.java:2083) DruidDataSource.java ERROR create connection error, url: jdbc:mysql://localhost:3306/renchehui?useSSL=true&serverTimezone=GMT&allowMultiQueries=true&useUnicode=true&characterEncoding=UTF-8, errorCode 1045, state 28000
java.sql.SQLException: Access denied for user 'root'@'localhost' (using password: NO)
	at com.mysql.cj.jdbc.exceptions.SQLError.createSQLException(SQLError.java:129)
	at com.mysql.cj.jdbc.exceptions.SQLError.createSQLException(SQLError.java:97)
	at com.mysql.cj.jdbc.exceptions.SQLExceptionsMapping.translateException(SQLExceptionsMapping.java:122)
	at com.mysql.cj.jdbc.ConnectionImpl.createNewIO(ConnectionImpl.java:827)
	at com.mysql.cj.jdbc.ConnectionImpl.<init>(ConnectionImpl.java:447)
	at com.mysql.cj.jdbc.ConnectionImpl.getInstance(ConnectionImpl.java:237)
	at com.mysql.cj.jdbc.NonRegisteringDriver.connect(NonRegisteringDriver.java:199)
	at com.alibaba.druid.filter.FilterChainImpl.connection_connect(FilterChainImpl.java:148)
	at com.alibaba.druid.filter.FilterAdapter.connection_connect(FilterAdapter.java:785)
	at com.alibaba.druid.filter.FilterChainImpl.connection_connect(FilterChainImpl.java:142)
	at com.alibaba.druid.filter.stat.StatFilter.connection_connect(StatFilter.java:211)
	at com.alibaba.druid.filter.FilterChainImpl.connection_connect(FilterChainImpl.java:142)
	at com.alibaba.druid.pool.DruidAbstractDataSource.createPhysicalConnection(DruidAbstractDataSource.java:1454)
	at com.alibaba.druid.pool.DruidAbstractDataSource.createPhysicalConnection(DruidAbstractDataSource.java:1516)
	at com.alibaba.druid.pool.DruidDataSource$CreateConnectionThread.run(DruidDataSource.java:2080)
2020-04-19 16:35:35 com.alibaba.druid.pool.DruidDataSource$CreateConnectionThread.run(DruidDataSource.java:2083) DruidDataSource.java ERROR create connection error, url: jdbc:mysql://localhost:3306/renchehui?useSSL=true&serverTimezone=GMT&allowMultiQueries=true&useUnicode=true&characterEncoding=UTF-8, errorCode 1045, state 28000
java.sql.SQLException: Access denied for user 'root'@'localhost' (using password: NO)
	at com.mysql.cj.jdbc.exceptions.SQLError.createSQLException(SQLError.java:129)
	at com.mysql.cj.jdbc.exceptions.SQLError.createSQLException(SQLError.java:97)
	at com.mysql.cj.jdbc.exceptions.SQLExceptionsMapping.translateException(SQLExceptionsMapping.java:122)
	at com.mysql.cj.jdbc.ConnectionImpl.createNewIO(ConnectionImpl.java:827)
	at com.mysql.cj.jdbc.ConnectionImpl.<init>(ConnectionImpl.java:447)
	at com.mysql.cj.jdbc.ConnectionImpl.getInstance(ConnectionImpl.java:237)
	at com.mysql.cj.jdbc.NonRegisteringDriver.connect(NonRegisteringDriver.java:199)
	at com.alibaba.druid.filter.FilterChainImpl.connection_connect(FilterChainImpl.java:148)
	at com.alibaba.druid.filter.FilterAdapter.connection_connect(FilterAdapter.java:785)
	at com.alibaba.druid.filter.FilterChainImpl.connection_connect(FilterChainImpl.java:142)
	at com.alibaba.druid.filter.stat.StatFilter.connection_connect(StatFilter.java:211)
	at com.alibaba.druid.filter.FilterChainImpl.connection_connect(FilterChainImpl.java:142)
	at com.alibaba.druid.pool.DruidAbstractDataSource.createPhysicalConnection(DruidAbstractDataSource.java:1454)
	at com.alibaba.druid.pool.DruidAbstractDataSource.createPhysicalConnection(DruidAbstractDataSource.java:1516)
	at com.alibaba.druid.pool.DruidDataSource$CreateConnectionThread.run(DruidDataSource.java:2080)
2020-04-19 16:35:35 com.alibaba.druid.pool.DruidDataSource$CreateConnectionThread.run(DruidDataSource.java:2083) DruidDataSource.java ERROR create connection error, url: jdbc:mysql://localhost:3306/renchehui?useSSL=true&serverTimezone=GMT&allowMultiQueries=true&useUnicode=true&characterEncoding=UTF-8, errorCode 1045, state 28000
java.sql.SQLException: Access denied for user 'root'@'localhost' (using password: NO)
	at com.mysql.cj.jdbc.exceptions.SQLError.createSQLException(SQLError.java:129)
	at com.mysql.cj.jdbc.exceptions.SQLError.createSQLException(SQLError.java:97)
	at com.mysql.cj.jdbc.exceptions.SQLExceptionsMapping.translateException(SQLExceptionsMapping.java:122)
	at com.mysql.cj.jdbc.ConnectionImpl.createNewIO(ConnectionImpl.java:827)
	at com.mysql.cj.jdbc.ConnectionImpl.<init>(ConnectionImpl.java:447)
	at com.mysql.cj.jdbc.ConnectionImpl.getInstance(ConnectionImpl.java:237)
	at com.mysql.cj.jdbc.NonRegisteringDriver.connect(NonRegisteringDriver.java:199)
	at com.alibaba.druid.filter.FilterChainImpl.connection_connect(FilterChainImpl.java:148)
	at com.alibaba.druid.filter.FilterAdapter.connection_connect(FilterAdapter.java:785)
	at com.alibaba.druid.filter.FilterChainImpl.connection_connect(FilterChainImpl.java:142)
	at com.alibaba.druid.filter.stat.StatFilter.connection_connect(StatFilter.java:211)
	at com.alibaba.druid.filter.FilterChainImpl.connection_connect(FilterChainImpl.java:142)
	at com.alibaba.druid.pool.DruidAbstractDataSource.createPhysicalConnection(DruidAbstractDataSource.java:1454)
	at com.alibaba.druid.pool.DruidAbstractDataSource.createPhysicalConnection(DruidAbstractDataSource.java:1516)
	at com.alibaba.druid.pool.DruidDataSource$CreateConnectionThread.run(DruidDataSource.java:2080)
2020-04-19 16:35:35 com.alibaba.druid.pool.DruidDataSource$CreateConnectionThread.run(DruidDataSource.java:2083) DruidDataSource.java ERROR create connection error, url: jdbc:mysql://localhost:3306/renchehui?useSSL=true&serverTimezone=GMT&allowMultiQueries=true&useUnicode=true&characterEncoding=UTF-8, errorCode 1045, state 28000
java.sql.SQLException: Access denied for user 'root'@'localhost' (using password: NO)
	at com.mysql.cj.jdbc.exceptions.SQLError.createSQLException(SQLError.java:129)
	at com.mysql.cj.jdbc.exceptions.SQLError.createSQLException(SQLError.java:97)
	at com.mysql.cj.jdbc.exceptions.SQLExceptionsMapping.translateException(SQLExceptionsMapping.java:122)
	at com.mysql.cj.jdbc.ConnectionImpl.createNewIO(ConnectionImpl.java:827)
	at com.mysql.cj.jdbc.ConnectionImpl.<init>(ConnectionImpl.java:447)
	at com.mysql.cj.jdbc.ConnectionImpl.getInstance(ConnectionImpl.java:237)
	at com.mysql.cj.jdbc.NonRegisteringDriver.connect(NonRegisteringDriver.java:199)
	at com.alibaba.druid.filter.FilterChainImpl.connection_connect(FilterChainImpl.java:148)
	at com.alibaba.druid.filter.FilterAdapter.connection_connect(FilterAdapter.java:785)
	at com.alibaba.druid.filter.FilterChainImpl.connection_connect(FilterChainImpl.java:142)
	at com.alibaba.druid.filter.stat.StatFilter.connection_connect(StatFilter.java:211)
	at com.alibaba.druid.filter.FilterChainImpl.connection_connect(FilterChainImpl.java:142)
	at com.alibaba.druid.pool.DruidAbstractDataSource.createPhysicalConnection(DruidAbstractDataSource.java:1454)
	at com.alibaba.druid.pool.DruidAbstractDataSource.createPhysicalConnection(DruidAbstractDataSource.java:1516)
	at com.alibaba.druid.pool.DruidDataSource$CreateConnectionThread.run(DruidDataSource.java:2080)
2020-04-19 16:35:35 com.alibaba.druid.pool.DruidDataSource$CreateConnectionThread.run(DruidDataSource.java:2083) DruidDataSource.java ERROR create connection error, url: jdbc:mysql://localhost:3306/renchehui?useSSL=true&serverTimezone=GMT&allowMultiQueries=true&useUnicode=true&characterEncoding=UTF-8, errorCode 1045, state 28000
java.sql.SQLException: Access denied for user 'root'@'localhost' (using password: NO)
	at com.mysql.cj.jdbc.exceptions.SQLError.createSQLException(SQLError.java:129)
	at com.mysql.cj.jdbc.exceptions.SQLError.createSQLException(SQLError.java:97)
	at com.mysql.cj.jdbc.exceptions.SQLExceptionsMapping.translateException(SQLExceptionsMapping.java:122)
	at com.mysql.cj.jdbc.ConnectionImpl.createNewIO(ConnectionImpl.java:827)
	at com.mysql.cj.jdbc.ConnectionImpl.<init>(ConnectionImpl.java:447)
	at com.mysql.cj.jdbc.ConnectionImpl.getInstance(ConnectionImpl.java:237)
	at com.mysql.cj.jdbc.NonRegisteringDriver.connect(NonRegisteringDriver.java:199)
	at com.alibaba.druid.filter.FilterChainImpl.connection_connect(FilterChainImpl.java:148)
	at com.alibaba.druid.filter.FilterAdapter.connection_connect(FilterAdapter.java:785)
	at com.alibaba.druid.filter.FilterChainImpl.connection_connect(FilterChainImpl.java:142)
	at com.alibaba.druid.filter.stat.StatFilter.connection_connect(StatFilter.java:211)
	at com.alibaba.druid.filter.FilterChainImpl.connection_connect(FilterChainImpl.java:142)
	at com.alibaba.druid.pool.DruidAbstractDataSource.createPhysicalConnection(DruidAbstractDataSource.java:1454)
	at com.alibaba.druid.pool.DruidAbstractDataSource.createPhysicalConnection(DruidAbstractDataSource.java:1516)
	at com.alibaba.druid.pool.DruidDataSource$CreateConnectionThread.run(DruidDataSource.java:2080)
2020-04-19 16:35:35 com.alibaba.druid.pool.DruidDataSource$CreateConnectionThread.run(DruidDataSource.java:2083) DruidDataSource.java ERROR create connection error, url: jdbc:mysql://localhost:3306/renchehui?useSSL=true&serverTimezone=GMT&allowMultiQueries=true&useUnicode=true&characterEncoding=UTF-8, errorCode 1045, state 28000
java.sql.SQLException: Access denied for user 'root'@'localhost' (using password: NO)
	at com.mysql.cj.jdbc.exceptions.SQLError.createSQLException(SQLError.java:129)
	at com.mysql.cj.jdbc.exceptions.SQLError.createSQLException(SQLError.java:97)
	at com.mysql.cj.jdbc.exceptions.SQLExceptionsMapping.translateException(SQLExceptionsMapping.java:122)
	at com.mysql.cj.jdbc.ConnectionImpl.createNewIO(ConnectionImpl.java:827)
	at com.mysql.cj.jdbc.ConnectionImpl.<init>(ConnectionImpl.java:447)
	at com.mysql.cj.jdbc.ConnectionImpl.getInstance(ConnectionImpl.java:237)
	at com.mysql.cj.jdbc.NonRegisteringDriver.connect(NonRegisteringDriver.java:199)
	at com.alibaba.druid.filter.FilterChainImpl.connection_connect(FilterChainImpl.java:148)
	at com.alibaba.druid.filter.FilterAdapter.connection_connect(FilterAdapter.java:785)
	at com.alibaba.druid.filter.FilterChainImpl.connection_connect(FilterChainImpl.java:142)
	at com.alibaba.druid.filter.stat.StatFilter.connection_connect(StatFilter.java:211)
	at com.alibaba.druid.filter.FilterChainImpl.connection_connect(FilterChainImpl.java:142)
	at com.alibaba.druid.pool.DruidAbstractDataSource.createPhysicalConnection(DruidAbstractDataSource.java:1454)
	at com.alibaba.druid.pool.DruidAbstractDataSource.createPhysicalConnection(DruidAbstractDataSource.java:1516)
	at com.alibaba.druid.pool.DruidDataSource$CreateConnectionThread.run(DruidDataSource.java:2080)
2020-04-19 16:35:35 com.alibaba.druid.pool.DruidDataSource$CreateConnectionThread.run(DruidDataSource.java:2083) DruidDataSource.java ERROR create connection error, url: jdbc:mysql://localhost:3306/renchehui?useSSL=true&serverTimezone=GMT&allowMultiQueries=true&useUnicode=true&characterEncoding=UTF-8, errorCode 1045, state 28000
java.sql.SQLException: Access denied for user 'root'@'localhost' (using password: NO)
	at com.mysql.cj.jdbc.exceptions.SQLError.createSQLException(SQLError.java:129)
	at com.mysql.cj.jdbc.exceptions.SQLError.createSQLException(SQLError.java:97)
	at com.mysql.cj.jdbc.exceptions.SQLExceptionsMapping.translateException(SQLExceptionsMapping.java:122)
	at com.mysql.cj.jdbc.ConnectionImpl.createNewIO(ConnectionImpl.java:827)
	at com.mysql.cj.jdbc.ConnectionImpl.<init>(ConnectionImpl.java:447)
	at com.mysql.cj.jdbc.ConnectionImpl.getInstance(ConnectionImpl.java:237)
	at com.mysql.cj.jdbc.NonRegisteringDriver.connect(NonRegisteringDriver.java:199)
	at com.alibaba.druid.filter.FilterChainImpl.connection_connect(FilterChainImpl.java:148)
	at com.alibaba.druid.filter.FilterAdapter.connection_connect(FilterAdapter.java:785)
	at com.alibaba.druid.filter.FilterChainImpl.connection_connect(FilterChainImpl.java:142)
	at com.alibaba.druid.filter.stat.StatFilter.connection_connect(StatFilter.java:211)
	at com.alibaba.druid.filter.FilterChainImpl.connection_connect(FilterChainImpl.java:142)
	at com.alibaba.druid.pool.DruidAbstractDataSource.createPhysicalConnection(DruidAbstractDataSource.java:1454)
	at com.alibaba.druid.pool.DruidAbstractDataSource.createPhysicalConnection(DruidAbstractDataSource.java:1516)
	at com.alibaba.druid.pool.DruidDataSource$CreateConnectionThread.run(DruidDataSource.java:2080)
2020-04-19 16:35:35 com.alibaba.druid.pool.DruidDataSource$CreateConnectionThread.run(DruidDataSource.java:2083) DruidDataSource.java ERROR create connection error, url: jdbc:mysql://localhost:3306/renchehui?useSSL=true&serverTimezone=GMT&allowMultiQueries=true&useUnicode=true&characterEncoding=UTF-8, errorCode 1045, state 28000
java.sql.SQLException: Access denied for user 'root'@'localhost' (using password: NO)
	at com.mysql.cj.jdbc.exceptions.SQLError.createSQLException(SQLError.java:129)
	at com.mysql.cj.jdbc.exceptions.SQLError.createSQLException(SQLError.java:97)
	at com.mysql.cj.jdbc.exceptions.SQLExceptionsMapping.translateException(SQLExceptionsMapping.java:122)
	at com.mysql.cj.jdbc.ConnectionImpl.createNewIO(ConnectionImpl.java:827)
	at com.mysql.cj.jdbc.ConnectionImpl.<init>(ConnectionImpl.java:447)
	at com.mysql.cj.jdbc.ConnectionImpl.getInstance(ConnectionImpl.java:237)
	at com.mysql.cj.jdbc.NonRegisteringDriver.connect(NonRegisteringDriver.java:199)
	at com.alibaba.druid.filter.FilterChainImpl.connection_connect(FilterChainImpl.java:148)
	at com.alibaba.druid.filter.FilterAdapter.connection_connect(FilterAdapter.java:785)
	at com.alibaba.druid.filter.FilterChainImpl.connection_connect(FilterChainImpl.java:142)
	at com.alibaba.druid.filter.stat.StatFilter.connection_connect(StatFilter.java:211)
	at com.alibaba.druid.filter.FilterChainImpl.connection_connect(FilterChainImpl.java:142)
	at com.alibaba.druid.pool.DruidAbstractDataSource.createPhysicalConnection(DruidAbstractDataSource.java:1454)
	at com.alibaba.druid.pool.DruidAbstractDataSource.createPhysicalConnection(DruidAbstractDataSource.java:1516)
	at com.alibaba.druid.pool.DruidDataSource$CreateConnectionThread.run(DruidDataSource.java:2080)
2020-04-19 16:35:35 com.alibaba.druid.pool.DruidDataSource$CreateConnectionThread.run(DruidDataSource.java:2083) DruidDataSource.java ERROR create connection error, url: jdbc:mysql://localhost:3306/renchehui?useSSL=true&serverTimezone=GMT&allowMultiQueries=true&useUnicode=true&characterEncoding=UTF-8, errorCode 1045, state 28000
java.sql.SQLException: Access denied for user 'root'@'localhost' (using password: NO)
	at com.mysql.cj.jdbc.exceptions.SQLError.createSQLException(SQLError.java:129)
	at com.mysql.cj.jdbc.exceptions.SQLError.createSQLException(SQLError.java:97)
	at com.mysql.cj.jdbc.exceptions.SQLExceptionsMapping.translateException(SQLExceptionsMapping.java:122)
	at com.mysql.cj.jdbc.ConnectionImpl.createNewIO(ConnectionImpl.java:827)
	at com.mysql.cj.jdbc.ConnectionImpl.<init>(ConnectionImpl.java:447)
	at com.mysql.cj.jdbc.ConnectionImpl.getInstance(ConnectionImpl.java:237)
	at com.mysql.cj.jdbc.NonRegisteringDriver.connect(NonRegisteringDriver.java:199)
	at com.alibaba.druid.filter.FilterChainImpl.connection_connect(FilterChainImpl.java:148)
	at com.alibaba.druid.filter.FilterAdapter.connection_connect(FilterAdapter.java:785)
	at com.alibaba.druid.filter.FilterChainImpl.connection_connect(FilterChainImpl.java:142)
	at com.alibaba.druid.filter.stat.StatFilter.connection_connect(StatFilter.java:211)
	at com.alibaba.druid.filter.FilterChainImpl.connection_connect(FilterChainImpl.java:142)
	at com.alibaba.druid.pool.DruidAbstractDataSource.createPhysicalConnection(DruidAbstractDataSource.java:1454)
	at com.alibaba.druid.pool.DruidAbstractDataSource.createPhysicalConnection(DruidAbstractDataSource.java:1516)
	at com.alibaba.druid.pool.DruidDataSource$CreateConnectionThread.run(DruidDataSource.java:2080)
2020-04-19 16:35:35 com.alibaba.druid.pool.DruidDataSource$CreateConnectionThread.run(DruidDataSource.java:2083) DruidDataSource.java ERROR create connection error, url: jdbc:mysql://localhost:3306/renchehui?useSSL=true&serverTimezone=GMT&allowMultiQueries=true&useUnicode=true&characterEncoding=UTF-8, errorCode 1045, state 28000
java.sql.SQLException: Access denied for user 'root'@'localhost' (using password: NO)
	at com.mysql.cj.jdbc.exceptions.SQLError.createSQLException(SQLError.java:129)
	at com.mysql.cj.jdbc.exceptions.SQLError.createSQLException(SQLError.java:97)
	at com.mysql.cj.jdbc.exceptions.SQLExceptionsMapping.translateException(SQLExceptionsMapping.java:122)
	at com.mysql.cj.jdbc.ConnectionImpl.createNewIO(ConnectionImpl.java:827)
	at com.mysql.cj.jdbc.ConnectionImpl.<init>(ConnectionImpl.java:447)
	at com.mysql.cj.jdbc.ConnectionImpl.getInstance(ConnectionImpl.java:237)
	at com.mysql.cj.jdbc.NonRegisteringDriver.connect(NonRegisteringDriver.java:199)
	at com.alibaba.druid.filter.FilterChainImpl.connection_connect(FilterChainImpl.java:148)
	at com.alibaba.druid.filter.FilterAdapter.connection_connect(FilterAdapter.java:785)
	at com.alibaba.druid.filter.FilterChainImpl.connection_connect(FilterChainImpl.java:142)
	at com.alibaba.druid.filter.stat.StatFilter.connection_connect(StatFilter.java:211)
	at com.alibaba.druid.filter.FilterChainImpl.connection_connect(FilterChainImpl.java:142)
	at com.alibaba.druid.pool.DruidAbstractDataSource.createPhysicalConnection(DruidAbstractDataSource.java:1454)
	at com.alibaba.druid.pool.DruidAbstractDataSource.createPhysicalConnection(DruidAbstractDataSource.java:1516)
	at com.alibaba.druid.pool.DruidDataSource$CreateConnectionThread.run(DruidDataSource.java:2080)
2020-04-19 16:35:35 com.alibaba.druid.pool.DruidDataSource$CreateConnectionThread.run(DruidDataSource.java:2083) DruidDataSource.java ERROR create connection error, url: jdbc:mysql://localhost:3306/renchehui?useSSL=true&serverTimezone=GMT&allowMultiQueries=true&useUnicode=true&characterEncoding=UTF-8, errorCode 1045, state 28000
java.sql.SQLException: Access denied for user 'root'@'localhost' (using password: NO)
	at com.mysql.cj.jdbc.exceptions.SQLError.createSQLException(SQLError.java:129)
	at com.mysql.cj.jdbc.exceptions.SQLError.createSQLException(SQLError.java:97)
	at com.mysql.cj.jdbc.exceptions.SQLExceptionsMapping.translateException(SQLExceptionsMapping.java:122)
	at com.mysql.cj.jdbc.ConnectionImpl.createNewIO(ConnectionImpl.java:827)
	at com.mysql.cj.jdbc.ConnectionImpl.<init>(ConnectionImpl.java:447)
	at com.mysql.cj.jdbc.ConnectionImpl.getInstance(ConnectionImpl.java:237)
	at com.mysql.cj.jdbc.NonRegisteringDriver.connect(NonRegisteringDriver.java:199)
	at com.alibaba.druid.filter.FilterChainImpl.connection_connect(FilterChainImpl.java:148)
	at com.alibaba.druid.filter.FilterAdapter.connection_connect(FilterAdapter.java:785)
	at com.alibaba.druid.filter.FilterChainImpl.connection_connect(FilterChainImpl.java:142)
	at com.alibaba.druid.filter.stat.StatFilter.connection_connect(StatFilter.java:211)
	at com.alibaba.druid.filter.FilterChainImpl.connection_connect(FilterChainImpl.java:142)
	at com.alibaba.druid.pool.DruidAbstractDataSource.createPhysicalConnection(DruidAbstractDataSource.java:1454)
	at com.alibaba.druid.pool.DruidAbstractDataSource.createPhysicalConnection(DruidAbstractDataSource.java:1516)
	at com.alibaba.druid.pool.DruidDataSource$CreateConnectionThread.run(DruidDataSource.java:2080)
2020-04-19 16:35:35 com.alibaba.druid.pool.DruidDataSource$CreateConnectionThread.run(DruidDataSource.java:2083) DruidDataSource.java ERROR create connection error, url: jdbc:mysql://localhost:3306/renchehui?useSSL=true&serverTimezone=GMT&allowMultiQueries=true&useUnicode=true&characterEncoding=UTF-8, errorCode 1045, state 28000
java.sql.SQLException: Access denied for user 'root'@'localhost' (using password: NO)
	at com.mysql.cj.jdbc.exceptions.SQLError.createSQLException(SQLError.java:129)
	at com.mysql.cj.jdbc.exceptions.SQLError.createSQLException(SQLError.java:97)
	at com.mysql.cj.jdbc.exceptions.SQLExceptionsMapping.translateException(SQLExceptionsMapping.java:122)
	at com.mysql.cj.jdbc.ConnectionImpl.createNewIO(ConnectionImpl.java:827)
	at com.mysql.cj.jdbc.ConnectionImpl.<init>(ConnectionImpl.java:447)
	at com.mysql.cj.jdbc.ConnectionImpl.getInstance(ConnectionImpl.java:237)
	at com.mysql.cj.jdbc.NonRegisteringDriver.connect(NonRegisteringDriver.java:199)
	at com.alibaba.druid.filter.FilterChainImpl.connection_connect(FilterChainImpl.java:148)
	at com.alibaba.druid.filter.FilterAdapter.connection_connect(FilterAdapter.java:785)
	at com.alibaba.druid.filter.FilterChainImpl.connection_connect(FilterChainImpl.java:142)
	at com.alibaba.druid.filter.stat.StatFilter.connection_connect(StatFilter.java:211)
	at com.alibaba.druid.filter.FilterChainImpl.connection_connect(FilterChainImpl.java:142)
	at com.alibaba.druid.pool.DruidAbstractDataSource.createPhysicalConnection(DruidAbstractDataSource.java:1454)
	at com.alibaba.druid.pool.DruidAbstractDataSource.createPhysicalConnection(DruidAbstractDataSource.java:1516)
	at com.alibaba.druid.pool.DruidDataSource$CreateConnectionThread.run(DruidDataSource.java:2080)
2020-04-19 16:35:35 com.alibaba.druid.pool.DruidDataSource$CreateConnectionThread.run(DruidDataSource.java:2083) DruidDataSource.java ERROR create connection error, url: jdbc:mysql://localhost:3306/renchehui?useSSL=true&serverTimezone=GMT&allowMultiQueries=true&useUnicode=true&characterEncoding=UTF-8, errorCode 1045, state 28000
java.sql.SQLException: Access denied for user 'root'@'localhost' (using password: NO)
	at com.mysql.cj.jdbc.exceptions.SQLError.createSQLException(SQLError.java:129)
	at com.mysql.cj.jdbc.exceptions.SQLError.createSQLException(SQLError.java:97)
	at com.mysql.cj.jdbc.exceptions.SQLExceptionsMapping.translateException(SQLExceptionsMapping.java:122)
	at com.mysql.cj.jdbc.ConnectionImpl.createNewIO(ConnectionImpl.java:827)
	at com.mysql.cj.jdbc.ConnectionImpl.<init>(ConnectionImpl.java:447)
	at com.mysql.cj.jdbc.ConnectionImpl.getInstance(ConnectionImpl.java:237)
	at com.mysql.cj.jdbc.NonRegisteringDriver.connect(NonRegisteringDriver.java:199)
	at com.alibaba.druid.filter.FilterChainImpl.connection_connect(FilterChainImpl.java:148)
	at com.alibaba.druid.filter.FilterAdapter.connection_connect(FilterAdapter.java:785)
	at com.alibaba.druid.filter.FilterChainImpl.connection_connect(FilterChainImpl.java:142)
	at com.alibaba.druid.filter.stat.StatFilter.connection_connect(StatFilter.java:211)
	at com.alibaba.druid.filter.FilterChainImpl.connection_connect(FilterChainImpl.java:142)
	at com.alibaba.druid.pool.DruidAbstractDataSource.createPhysicalConnection(DruidAbstractDataSource.java:1454)
	at com.alibaba.druid.pool.DruidAbstractDataSource.createPhysicalConnection(DruidAbstractDataSource.java:1516)
	at com.alibaba.druid.pool.DruidDataSource$CreateConnectionThread.run(DruidDataSource.java:2080)
2020-04-19 16:35:35 com.alibaba.druid.pool.DruidDataSource$CreateConnectionThread.run(DruidDataSource.java:2083) DruidDataSource.java ERROR create connection error, url: jdbc:mysql://localhost:3306/renchehui?useSSL=true&serverTimezone=GMT&allowMultiQueries=true&useUnicode=true&characterEncoding=UTF-8, errorCode 1045, state 28000
java.sql.SQLException: Access denied for user 'root'@'localhost' (using password: NO)
	at com.mysql.cj.jdbc.exceptions.SQLError.createSQLException(SQLError.java:129)
	at com.mysql.cj.jdbc.exceptions.SQLError.createSQLException(SQLError.java:97)
	at com.mysql.cj.jdbc.exceptions.SQLExceptionsMapping.translateException(SQLExceptionsMapping.java:122)
	at com.mysql.cj.jdbc.ConnectionImpl.createNewIO(ConnectionImpl.java:827)
	at com.mysql.cj.jdbc.ConnectionImpl.<init>(ConnectionImpl.java:447)
	at com.mysql.cj.jdbc.ConnectionImpl.getInstance(ConnectionImpl.java:237)
	at com.mysql.cj.jdbc.NonRegisteringDriver.connect(NonRegisteringDriver.java:199)
	at com.alibaba.druid.filter.FilterChainImpl.connection_connect(FilterChainImpl.java:148)
	at com.alibaba.druid.filter.FilterAdapter.connection_connect(FilterAdapter.java:785)
	at com.alibaba.druid.filter.FilterChainImpl.connection_connect(FilterChainImpl.java:142)
	at com.alibaba.druid.filter.stat.StatFilter.connection_connect(StatFilter.java:211)
	at com.alibaba.druid.filter.FilterChainImpl.connection_connect(FilterChainImpl.java:142)
	at com.alibaba.druid.pool.DruidAbstractDataSource.createPhysicalConnection(DruidAbstractDataSource.java:1454)
	at com.alibaba.druid.pool.DruidAbstractDataSource.createPhysicalConnection(DruidAbstractDataSource.java:1516)
	at com.alibaba.druid.pool.DruidDataSource$CreateConnectionThread.run(DruidDataSource.java:2080)
2020-04-19 16:35:35 com.alibaba.druid.pool.DruidDataSource$CreateConnectionThread.run(DruidDataSource.java:2083) DruidDataSource.java ERROR create connection error, url: jdbc:mysql://localhost:3306/renchehui?useSSL=true&serverTimezone=GMT&allowMultiQueries=true&useUnicode=true&characterEncoding=UTF-8, errorCode 1045, state 28000
java.sql.SQLException: Access denied for user 'root'@'localhost' (using password: NO)
	at com.mysql.cj.jdbc.exceptions.SQLError.createSQLException(SQLError.java:129)
	at com.mysql.cj.jdbc.exceptions.SQLError.createSQLException(SQLError.java:97)
	at com.mysql.cj.jdbc.exceptions.SQLExceptionsMapping.translateException(SQLExceptionsMapping.java:122)
	at com.mysql.cj.jdbc.ConnectionImpl.createNewIO(ConnectionImpl.java:827)
	at com.mysql.cj.jdbc.ConnectionImpl.<init>(ConnectionImpl.java:447)
	at com.mysql.cj.jdbc.ConnectionImpl.getInstance(ConnectionImpl.java:237)
	at com.mysql.cj.jdbc.NonRegisteringDriver.connect(NonRegisteringDriver.java:199)
	at com.alibaba.druid.filter.FilterChainImpl.connection_connect(FilterChainImpl.java:148)
	at com.alibaba.druid.filter.FilterAdapter.connection_connect(FilterAdapter.java:785)
	at com.alibaba.druid.filter.FilterChainImpl.connection_connect(FilterChainImpl.java:142)
	at com.alibaba.druid.filter.stat.StatFilter.connection_connect(StatFilter.java:211)
	at com.alibaba.druid.filter.FilterChainImpl.connection_connect(FilterChainImpl.java:142)
	at com.alibaba.druid.pool.DruidAbstractDataSource.createPhysicalConnection(DruidAbstractDataSource.java:1454)
	at com.alibaba.druid.pool.DruidAbstractDataSource.createPhysicalConnection(DruidAbstractDataSource.java:1516)
	at com.alibaba.druid.pool.DruidDataSource$CreateConnectionThread.run(DruidDataSource.java:2080)
2020-04-19 16:36:05 com.alibaba.druid.pool.DruidDataSource$CreateConnectionThread.run(DruidDataSource.java:2083) DruidDataSource.java ERROR create connection error, url: jdbc:mysql://localhost:3306/renchehui?useSSL=true&serverTimezone=GMT&allowMultiQueries=true&useUnicode=true&characterEncoding=UTF-8, errorCode 1045, state 28000
java.sql.SQLException: Access denied for user 'root'@'localhost' (using password: NO)
	at com.mysql.cj.jdbc.exceptions.SQLError.createSQLException(SQLError.java:129)
	at com.mysql.cj.jdbc.exceptions.SQLError.createSQLException(SQLError.java:97)
	at com.mysql.cj.jdbc.exceptions.SQLExceptionsMapping.translateException(SQLExceptionsMapping.java:122)
	at com.mysql.cj.jdbc.ConnectionImpl.createNewIO(ConnectionImpl.java:827)
	at com.mysql.cj.jdbc.ConnectionImpl.<init>(ConnectionImpl.java:447)
	at com.mysql.cj.jdbc.ConnectionImpl.getInstance(ConnectionImpl.java:237)
	at com.mysql.cj.jdbc.NonRegisteringDriver.connect(NonRegisteringDriver.java:199)
	at com.alibaba.druid.filter.FilterChainImpl.connection_connect(FilterChainImpl.java:148)
	at com.alibaba.druid.filter.FilterAdapter.connection_connect(FilterAdapter.java:785)
	at com.alibaba.druid.filter.FilterChainImpl.connection_connect(FilterChainImpl.java:142)
	at com.alibaba.druid.filter.stat.StatFilter.connection_connect(StatFilter.java:211)
	at com.alibaba.druid.filter.FilterChainImpl.connection_connect(FilterChainImpl.java:142)
	at com.alibaba.druid.pool.DruidAbstractDataSource.createPhysicalConnection(DruidAbstractDataSource.java:1454)
	at com.alibaba.druid.pool.DruidAbstractDataSource.createPhysicalConnection(DruidAbstractDataSource.java:1516)
	at com.alibaba.druid.pool.DruidDataSource$CreateConnectionThread.run(DruidDataSource.java:2080)
2020-04-19 16:36:35 com.alibaba.druid.pool.DruidDataSource$CreateConnectionThread.run(DruidDataSource.java:2083) DruidDataSource.java ERROR create connection error, url: jdbc:mysql://localhost:3306/renchehui?useSSL=true&serverTimezone=GMT&allowMultiQueries=true&useUnicode=true&characterEncoding=UTF-8, errorCode 1045, state 28000
java.sql.SQLException: Access denied for user 'root'@'localhost' (using password: NO)
	at com.mysql.cj.jdbc.exceptions.SQLError.createSQLException(SQLError.java:129)
	at com.mysql.cj.jdbc.exceptions.SQLError.createSQLException(SQLError.java:97)
	at com.mysql.cj.jdbc.exceptions.SQLExceptionsMapping.translateException(SQLExceptionsMapping.java:122)
	at com.mysql.cj.jdbc.ConnectionImpl.createNewIO(ConnectionImpl.java:827)
	at com.mysql.cj.jdbc.ConnectionImpl.<init>(ConnectionImpl.java:447)
	at com.mysql.cj.jdbc.ConnectionImpl.getInstance(ConnectionImpl.java:237)
	at com.mysql.cj.jdbc.NonRegisteringDriver.connect(NonRegisteringDriver.java:199)
	at com.alibaba.druid.filter.FilterChainImpl.connection_connect(FilterChainImpl.java:148)
	at com.alibaba.druid.filter.FilterAdapter.connection_connect(FilterAdapter.java:785)
	at com.alibaba.druid.filter.FilterChainImpl.connection_connect(FilterChainImpl.java:142)
	at com.alibaba.druid.filter.stat.StatFilter.connection_connect(StatFilter.java:211)
	at com.alibaba.druid.filter.FilterChainImpl.connection_connect(FilterChainImpl.java:142)
	at com.alibaba.druid.pool.DruidAbstractDataSource.createPhysicalConnection(DruidAbstractDataSource.java:1454)
	at com.alibaba.druid.pool.DruidAbstractDataSource.createPhysicalConnection(DruidAbstractDataSource.java:1516)
	at com.alibaba.druid.pool.DruidDataSource$CreateConnectionThread.run(DruidDataSource.java:2080)
2020-04-19 16:36:43 com.alibaba.druid.pool.DruidDataSource.getConnectionDirect(DruidDataSource.java:1089) DruidDataSource.java WARN not full timeout retry : 1
2020-04-19 16:37:05 com.alibaba.druid.pool.DruidDataSource$CreateConnectionThread.run(DruidDataSource.java:2083) DruidDataSource.java ERROR create connection error, url: jdbc:mysql://localhost:3306/renchehui?useSSL=true&serverTimezone=GMT&allowMultiQueries=true&useUnicode=true&characterEncoding=UTF-8, errorCode 1045, state 28000
java.sql.SQLException: Access denied for user 'root'@'localhost' (using password: NO)
	at com.mysql.cj.jdbc.exceptions.SQLError.createSQLException(SQLError.java:129)
	at com.mysql.cj.jdbc.exceptions.SQLError.createSQLException(SQLError.java:97)
	at com.mysql.cj.jdbc.exceptions.SQLExceptionsMapping.translateException(SQLExceptionsMapping.java:122)
	at com.mysql.cj.jdbc.ConnectionImpl.createNewIO(ConnectionImpl.java:827)
	at com.mysql.cj.jdbc.ConnectionImpl.<init>(ConnectionImpl.java:447)
	at com.mysql.cj.jdbc.ConnectionImpl.getInstance(ConnectionImpl.java:237)
	at com.mysql.cj.jdbc.NonRegisteringDriver.connect(NonRegisteringDriver.java:199)
	at com.alibaba.druid.filter.FilterChainImpl.connection_connect(FilterChainImpl.java:148)
	at com.alibaba.druid.filter.FilterAdapter.connection_connect(FilterAdapter.java:785)
	at com.alibaba.druid.filter.FilterChainImpl.connection_connect(FilterChainImpl.java:142)
	at com.alibaba.druid.filter.stat.StatFilter.connection_connect(StatFilter.java:211)
	at com.alibaba.druid.filter.FilterChainImpl.connection_connect(FilterChainImpl.java:142)
	at com.alibaba.druid.pool.DruidAbstractDataSource.createPhysicalConnection(DruidAbstractDataSource.java:1454)
	at com.alibaba.druid.pool.DruidAbstractDataSource.createPhysicalConnection(DruidAbstractDataSource.java:1516)
	at com.alibaba.druid.pool.DruidDataSource$CreateConnectionThread.run(DruidDataSource.java:2080)
2020-04-19 16:37:35 com.alibaba.druid.pool.DruidDataSource$CreateConnectionThread.run(DruidDataSource.java:2083) DruidDataSource.java ERROR create connection error, url: jdbc:mysql://localhost:3306/renchehui?useSSL=true&serverTimezone=GMT&allowMultiQueries=true&useUnicode=true&characterEncoding=UTF-8, errorCode 1045, state 28000
java.sql.SQLException: Access denied for user 'root'@'localhost' (using password: NO)
	at com.mysql.cj.jdbc.exceptions.SQLError.createSQLException(SQLError.java:129)
	at com.mysql.cj.jdbc.exceptions.SQLError.createSQLException(SQLError.java:97)
	at com.mysql.cj.jdbc.exceptions.SQLExceptionsMapping.translateException(SQLExceptionsMapping.java:122)
	at com.mysql.cj.jdbc.ConnectionImpl.createNewIO(ConnectionImpl.java:827)
	at com.mysql.cj.jdbc.ConnectionImpl.<init>(ConnectionImpl.java:447)
	at com.mysql.cj.jdbc.ConnectionImpl.getInstance(ConnectionImpl.java:237)
	at com.mysql.cj.jdbc.NonRegisteringDriver.connect(NonRegisteringDriver.java:199)
	at com.alibaba.druid.filter.FilterChainImpl.connection_connect(FilterChainImpl.java:148)
	at com.alibaba.druid.filter.FilterAdapter.connection_connect(FilterAdapter.java:785)
	at com.alibaba.druid.filter.FilterChainImpl.connection_connect(FilterChainImpl.java:142)
	at com.alibaba.druid.filter.stat.StatFilter.connection_connect(StatFilter.java:211)
	at com.alibaba.druid.filter.FilterChainImpl.connection_connect(FilterChainImpl.java:142)
	at com.alibaba.druid.pool.DruidAbstractDataSource.createPhysicalConnection(DruidAbstractDataSource.java:1454)
	at com.alibaba.druid.pool.DruidAbstractDataSource.createPhysicalConnection(DruidAbstractDataSource.java:1516)
	at com.alibaba.druid.pool.DruidDataSource$CreateConnectionThread.run(DruidDataSource.java:2080)
2020-04-19 16:38:22 com.alibaba.druid.pool.DruidDataSource.init(DruidDataSource.java:785) DruidDataSource.java INFO {dataSource-1} inited
2020-04-19 16:38:22 com.alibaba.druid.pool.PreparedStatementPool.put(PreparedStatementPool.java:121) PreparedStatementPool.java DEBUG {conn-10005, pstmt-20005} enter cache
2020-04-19 16:38:22 com.alibaba.druid.pool.PreparedStatementPool.put(PreparedStatementPool.java:121) PreparedStatementPool.java DEBUG {conn-10005, pstmt-20006} enter cache
2020-04-19 16:38:22 com.alibaba.druid.pool.PreparedStatementPool.put(PreparedStatementPool.java:121) PreparedStatementPool.java DEBUG {conn-10005, pstmt-20007} enter cache
2020-04-19 16:38:22 com.alibaba.druid.pool.PreparedStatementPool.put(PreparedStatementPool.java:121) PreparedStatementPool.java DEBUG {conn-10005, pstmt-20008} enter cache
2020-04-19 16:38:24 com.alibaba.druid.pool.PreparedStatementPool.put(PreparedStatementPool.java:121) PreparedStatementPool.java DEBUG {conn-10005, pstmt-20009} enter cache
2020-04-19 16:38:24 com.alibaba.druid.pool.PreparedStatementPool.put(PreparedStatementPool.java:121) PreparedStatementPool.java DEBUG {conn-10005, pstmt-20010} enter cache
2020-04-19 16:38:27 com.alibaba.druid.pool.PreparedStatementPool.put(PreparedStatementPool.java:121) PreparedStatementPool.java DEBUG {conn-10005, pstmt-20011} enter cache
2020-04-19 16:38:27 com.alibaba.druid.pool.PreparedStatementPool.put(PreparedStatementPool.java:121) PreparedStatementPool.java DEBUG {conn-10005, pstmt-20012} enter cache
2020-04-19 16:38:27 com.alibaba.druid.pool.PreparedStatementPool.put(PreparedStatementPool.java:121) PreparedStatementPool.java DEBUG {conn-10005, pstmt-20013} enter cache
2020-04-19 16:38:27 com.qf.log.MyLogAdvice.myafterRet(MyLogAdvice.java:43) MyLogAdvice.java INFO Sun Apr 19 16:38:27 CST 2020||0:0:0:0:0:0:0:1|[{"limit":10,"offset":0,"order":"asc"}]|com.qf.controller.MenuController.findMenu
2020-04-19 16:38:33 com.alibaba.druid.pool.PreparedStatementPool.put(PreparedStatementPool.java:121) PreparedStatementPool.java DEBUG {conn-10005, pstmt-20014} enter cache
2020-04-19 16:38:33 com.alibaba.druid.pool.PreparedStatementPool.put(PreparedStatementPool.java:121) PreparedStatementPool.java DEBUG {conn-10005, pstmt-20015} enter cache
2020-04-19 16:38:34 com.alibaba.druid.pool.PreparedStatementPool.put(PreparedStatementPool.java:121) PreparedStatementPool.java DEBUG {conn-10005, pstmt-20016} enter cache
2020-04-19 16:38:34 com.alibaba.druid.pool.PreparedStatementPool.put(PreparedStatementPool.java:121) PreparedStatementPool.java DEBUG {conn-10005, pstmt-20017} enter cache
2020-04-19 16:38:36 com.alibaba.druid.pool.PreparedStatementPool.put(PreparedStatementPool.java:121) PreparedStatementPool.java DEBUG {conn-10005, pstmt-20018} enter cache
2020-04-19 16:38:36 com.alibaba.druid.pool.PreparedStatementPool.put(PreparedStatementPool.java:121) PreparedStatementPool.java DEBUG {conn-10005, pstmt-20019} enter cache
2020-04-19 16:38:38 com.alibaba.druid.pool.PreparedStatementPool.put(PreparedStatementPool.java:121) PreparedStatementPool.java DEBUG {conn-10005, pstmt-20020} enter cache
2020-04-19 16:38:38 com.alibaba.druid.pool.PreparedStatementPool.put(PreparedStatementPool.java:121) PreparedStatementPool.java DEBUG {conn-10005, pstmt-20021} enter cache
2020-04-19 16:38:39 com.alibaba.druid.pool.PreparedStatementPool.put(PreparedStatementPool.java:121) PreparedStatementPool.java DEBUG {conn-10005, pstmt-20022} enter cache
2020-04-19 16:38:39 com.alibaba.druid.pool.PreparedStatementPool.put(PreparedStatementPool.java:121) PreparedStatementPool.java DEBUG {conn-10005, pstmt-20023} enter cache
2020-04-19 16:38:40 com.alibaba.druid.pool.PreparedStatementPool.put(PreparedStatementPool.java:121) PreparedStatementPool.java DEBUG {conn-10005, pstmt-20024} enter cache
2020-04-19 16:38:40 com.alibaba.druid.pool.PreparedStatementPool.closeRemovedStatement(PreparedStatementPool.java:152) PreparedStatementPool.java DEBUG {conn-10005, pstmt-20005} exit cache
2020-04-19 16:38:40 com.alibaba.druid.pool.PreparedStatementPool.put(PreparedStatementPool.java:121) PreparedStatementPool.java DEBUG {conn-10005, pstmt-20025} enter cache
2020-04-19 16:38:40 com.alibaba.druid.pool.PreparedStatementPool.closeRemovedStatement(PreparedStatementPool.java:152) PreparedStatementPool.java DEBUG {conn-10005, pstmt-20006} exit cache
2020-04-19 16:38:40 com.alibaba.druid.pool.PreparedStatementPool.put(PreparedStatementPool.java:121) PreparedStatementPool.java DEBUG {conn-10005, pstmt-20026} enter cache
2020-04-19 16:38:40 com.alibaba.druid.pool.PreparedStatementPool.closeRemovedStatement(PreparedStatementPool.java:152) PreparedStatementPool.java DEBUG {conn-10005, pstmt-20007} exit cache
2020-04-19 16:38:40 com.alibaba.druid.pool.PreparedStatementPool.put(PreparedStatementPool.java:121) PreparedStatementPool.java DEBUG {conn-10005, pstmt-20027} enter cache
2020-04-19 16:38:44 com.alibaba.druid.pool.PreparedStatementPool.closeRemovedStatement(PreparedStatementPool.java:152) PreparedStatementPool.java DEBUG {conn-10005, pstmt-20009} exit cache
2020-04-19 16:38:44 com.alibaba.druid.pool.PreparedStatementPool.put(PreparedStatementPool.java:121) PreparedStatementPool.java DEBUG {conn-10005, pstmt-20028} enter cache
2020-04-19 16:38:44 com.alibaba.druid.pool.PreparedStatementPool.closeRemovedStatement(PreparedStatementPool.java:152) PreparedStatementPool.java DEBUG {conn-10005, pstmt-20010} exit cache
2020-04-19 16:38:44 com.alibaba.druid.pool.PreparedStatementPool.put(PreparedStatementPool.java:121) PreparedStatementPool.java DEBUG {conn-10005, pstmt-20029} enter cache
2020-04-19 16:38:47 com.alibaba.druid.pool.PreparedStatementPool.closeRemovedStatement(PreparedStatementPool.java:152) PreparedStatementPool.java DEBUG {conn-10005, pstmt-20011} exit cache
2020-04-19 16:38:47 com.alibaba.druid.pool.PreparedStatementPool.put(PreparedStatementPool.java:121) PreparedStatementPool.java DEBUG {conn-10005, pstmt-20030} enter cache
2020-04-19 16:38:47 com.alibaba.druid.pool.PreparedStatementPool.closeRemovedStatement(PreparedStatementPool.java:152) PreparedStatementPool.java DEBUG {conn-10005, pstmt-20008} exit cache
2020-04-19 16:38:47 com.alibaba.druid.pool.PreparedStatementPool.put(PreparedStatementPool.java:121) PreparedStatementPool.java DEBUG {conn-10005, pstmt-20031} enter cache
2020-04-19 16:38:51 com.alibaba.druid.pool.PreparedStatementPool.closeRemovedStatement(PreparedStatementPool.java:152) PreparedStatementPool.java DEBUG {conn-10005, pstmt-20012} exit cache
2020-04-19 16:38:51 com.alibaba.druid.pool.PreparedStatementPool.put(PreparedStatementPool.java:121) PreparedStatementPool.java DEBUG {conn-10005, pstmt-20032} enter cache
2020-04-19 16:38:51 com.alibaba.druid.pool.PreparedStatementPool.closeRemovedStatement(PreparedStatementPool.java:152) PreparedStatementPool.java DEBUG {conn-10005, pstmt-20013} exit cache
2020-04-19 16:38:51 com.alibaba.druid.pool.PreparedStatementPool.put(PreparedStatementPool.java:121) PreparedStatementPool.java DEBUG {conn-10005, pstmt-20033} enter cache
2020-04-19 16:38:54 com.alibaba.druid.pool.PreparedStatementPool.closeRemovedStatement(PreparedStatementPool.java:152) PreparedStatementPool.java DEBUG {conn-10005, pstmt-20014} exit cache
2020-04-19 16:38:54 com.alibaba.druid.pool.PreparedStatementPool.put(PreparedStatementPool.java:121) PreparedStatementPool.java DEBUG {conn-10005, pstmt-20034} enter cache
2020-04-19 16:38:54 com.alibaba.druid.pool.PreparedStatementPool.closeRemovedStatement(PreparedStatementPool.java:152) PreparedStatementPool.java DEBUG {conn-10005, pstmt-20015} exit cache
2020-04-19 16:38:54 com.alibaba.druid.pool.PreparedStatementPool.put(PreparedStatementPool.java:121) PreparedStatementPool.java DEBUG {conn-10005, pstmt-20035} enter cache
2020-04-19 16:38:56 com.alibaba.druid.pool.PreparedStatementPool.closeRemovedStatement(PreparedStatementPool.java:152) PreparedStatementPool.java DEBUG {conn-10005, pstmt-20016} exit cache
2020-04-19 16:38:56 com.alibaba.druid.pool.PreparedStatementPool.put(PreparedStatementPool.java:121) PreparedStatementPool.java DEBUG {conn-10005, pstmt-20036} enter cache
